[01m[K/home/szf/ROS/catkin_ws_3/src/mavros/mavros/src/plugins/speed_control.cpp:[m[K In member function â€˜[01m[Kvirtual void mavros::std_plugins::SpeedControlPlugin::initialize(mavros::UAS&)[m[Kâ€™:
[01m[K/home/szf/ROS/catkin_ws_3/src/mavros/mavros/src/plugins/speed_control.cpp:32:59:[m[K [01;31m[Kerror: [m[Kâ€˜[01m[KPosture[m[Kâ€™ is not a member of â€˜[01m[Kmavros_msgs[m[Kâ€™
   32 |   pos_publisher = speed_control_nh.advertise<mavros_msgs::[01;31m[KPosture[m[K>("posture",10);
      |                                                           [01;31m[K^~~~~~~[m[K
[01m[K/home/szf/ROS/catkin_ws_3/src/mavros/mavros/src/plugins/speed_control.cpp:32:59:[m[K [01;31m[Kerror: [m[Kâ€˜[01m[KPosture[m[Kâ€™ is not a member of â€˜[01m[Kmavros_msgs[m[Kâ€™
[01m[K/home/szf/ROS/catkin_ws_3/src/mavros/mavros/src/plugins/speed_control.cpp:32:80:[m[K [01;31m[Kerror: [m[Kno matching function for call to â€˜[01m[Kros::NodeHandle::advertise<<expression error> >(const char [8], int)[m[Kâ€™
   32 |   pos_publisher = speed_control_nh.advertise<mavros_msgs::Posture>("posture",10[01;31m[K)[m[K;
      |                                                                                [01;31m[K^[m[K
In file included from [01m[K/opt/ros/noetic/include/diagnostic_updater/diagnostic_updater.h:42[m[K,
                 from [01m[K/home/szf/ROS/catkin_ws_3/src/mavros/mavros/include/mavros/mavros_plugin.h:23[m[K,
                 from [01m[K/home/szf/ROS/catkin_ws_3/src/mavros/mavros/src/plugins/speed_control.cpp:9[m[K:
[01m[K/opt/ros/noetic/include/ros/node_handle.h:249:15:[m[K [01;36m[Knote: [m[Kcandidate: â€˜[01m[Ktemplate<class M> ros::Publisher ros::NodeHandle::advertise(const string&, uint32_t, bool)[m[Kâ€™
  249 |     Publisher [01;36m[Kadvertise[m[K(const std::string& topic, uint32_t queue_size, bool latch = false)
      |               [01;36m[K^~~~~~~~~[m[K
[01m[K/opt/ros/noetic/include/ros/node_handle.h:249:15:[m[K [01;36m[Knote: [m[K  template argument deduction/substitution failed:
[01m[K/home/szf/ROS/catkin_ws_3/src/mavros/mavros/src/plugins/speed_control.cpp:32:80:[m[K [01;31m[Kerror: [m[Ktemplate argument 1 is invalid
   32 |   pos_publisher = speed_control_nh.advertise<mavros_msgs::Posture>("posture",10[01;31m[K)[m[K;
      |                                                                                [01;31m[K^[m[K
In file included from [01m[K/opt/ros/noetic/include/diagnostic_updater/diagnostic_updater.h:42[m[K,
                 from [01m[K/home/szf/ROS/catkin_ws_3/src/mavros/mavros/include/mavros/mavros_plugin.h:23[m[K,
                 from [01m[K/home/szf/ROS/catkin_ws_3/src/mavros/mavros/src/plugins/speed_control.cpp:9[m[K:
[01m[K/opt/ros/noetic/include/ros/node_handle.h:315:13:[m[K [01;36m[Knote: [m[Kcandidate: â€˜[01m[Ktemplate<class M> ros::Publisher ros::NodeHandle::advertise(const string&, uint32_t, const SubscriberStatusCallback&, const SubscriberStatusCallback&, const VoidConstPtr&, bool)[m[Kâ€™
  315 |   Publisher [01;36m[Kadvertise[m[K(const std::string& topic, uint32_t queue_size,
      |             [01;36m[K^~~~~~~~~[m[K
[01m[K/opt/ros/noetic/include/ros/node_handle.h:315:13:[m[K [01;36m[Knote: [m[K  template argument deduction/substitution failed:
[01m[K/home/szf/ROS/catkin_ws_3/src/mavros/mavros/src/plugins/speed_control.cpp:32:80:[m[K [01;31m[Kerror: [m[Ktemplate argument 1 is invalid
   32 |   pos_publisher = speed_control_nh.advertise<mavros_msgs::Posture>("posture",10[01;31m[K)[m[K;
      |                                                                                [01;31m[K^[m[K
[01m[K/home/szf/ROS/catkin_ws_3/src/mavros/mavros/src/plugins/speed_control.cpp:[m[K In member function â€˜[01m[Kvirtual mavros::plugin::PluginBase::Subscriptions mavros::std_plugins::SpeedControlPlugin::get_subscriptions()[m[Kâ€™:
[01m[K/home/szf/ROS/catkin_ws_3/src/mavros/mavros/src/plugins/speed_control.cpp:45:58:[m[K [01;31m[Kerror: [m[Kno matching function for call to â€˜[01m[Kmavros::std_plugins::SpeedControlPlugin::make_handler(void (mavros::std_plugins::SpeedControlPlugin::*)(const mavlink_message_t*, mavlink::common::msg::SPEED_CONTROL_STATUS&, mavlink::common::msg::POSTURE&))[m[Kâ€™
   45 |    make_handler(&SpeedControlPlugin::handle_speed_control[01;31m[K)[m[K,
      |                                                          [01;31m[K^[m[K
In file included from [01m[K/home/szf/ROS/catkin_ws_3/src/mavros/mavros/src/plugins/speed_control.cpp:9[m[K:
[01m[K/home/szf/ROS/catkin_ws_3/src/mavros/mavros/include/mavros/mavros_plugin.h:87:14:[m[K [01;36m[Knote: [m[Kcandidate: â€˜[01m[Ktemplate<class _C> mavros::plugin::PluginBase::HandlerInfo mavros::plugin::PluginBase::make_handler(mavlink::msgid_t, void (_C::*)(const mavlink_message_t*, mavconn::Framing))[m[Kâ€™
   87 |  HandlerInfo [01;36m[Kmake_handler[m[K(const mavlink::msgid_t id, void (_C::*fn)(const mavlink::mavlink_message_t *msg, const mavconn::Framing framing)) {
      |              [01;36m[K^~~~~~~~~~~~[m[K
[01m[K/home/szf/ROS/catkin_ws_3/src/mavros/mavros/include/mavros/mavros_plugin.h:87:14:[m[K [01;36m[Knote: [m[K  template argument deduction/substitution failed:
[01m[K/home/szf/ROS/catkin_ws_3/src/mavros/mavros/src/plugins/speed_control.cpp:45:58:[m[K [01;36m[Knote: [m[K  candidate expects 2 arguments, 1 provided
   45 |    make_handler(&SpeedControlPlugin::handle_speed_control[01;36m[K)[m[K,
      |                                                          [01;36m[K^[m[K
In file included from [01m[K/home/szf/ROS/catkin_ws_3/src/mavros/mavros/src/plugins/speed_control.cpp:9[m[K:
[01m[K/home/szf/ROS/catkin_ws_3/src/mavros/mavros/include/mavros/mavros_plugin.h:100:14:[m[K [01;36m[Knote: [m[Kcandidate: â€˜[01m[Ktemplate<class _C, class _T> mavros::plugin::PluginBase::HandlerInfo mavros::plugin::PluginBase::make_handler(void (_C::*)(const mavlink_message_t*, _T&))[m[Kâ€™
  100 |  HandlerInfo [01;36m[Kmake_handler[m[K(void (_C::*fn)(const mavlink::mavlink_message_t*, _T &)) {
      |              [01;36m[K^~~~~~~~~~~~[m[K
[01m[K/home/szf/ROS/catkin_ws_3/src/mavros/mavros/include/mavros/mavros_plugin.h:100:14:[m[K [01;36m[Knote: [m[K  template argument deduction/substitution failed:
[01m[K/home/szf/ROS/catkin_ws_3/src/mavros/mavros/src/plugins/speed_control.cpp:45:58:[m[K [01;36m[Knote: [m[K  candidate expects 3 arguments, 4 provided
   45 |    make_handler(&SpeedControlPlugin::handle_speed_control[01;36m[K)[m[K,
      |                                                          [01;36m[K^[m[K
[01m[K/home/szf/ROS/catkin_ws_3/src/mavros/mavros/src/plugins/speed_control.cpp:46:3:[m[K [01;31m[Kerror: [m[Kcould not convert â€˜[01m[K{<expression error>}[m[Kâ€™ from â€˜[01m[K<brace-enclosed initializer list>[m[Kâ€™ to â€˜[01m[Kmavros::plugin::PluginBase::Subscriptions[m[Kâ€™ {aka â€˜[01m[Kstd::vector<std::tuple<unsigned int, const char*, long unsigned int, std::function<void(const mavlink::__mavlink_message*, mavconn::Framing)> > >[m[Kâ€™}
   46 |   [01;31m[K}[m[K;
      |   [01;31m[K^[m[K
      |   [01;31m[K|[m[K
      |   [01;31m[K<brace-enclosed initializer list>[m[K
make[2]: *** [CMakeFiles/mavros_plugins.dir/build.make:453ï¼šCMakeFiles/mavros_plugins.dir/src/plugins/speed_control.cpp.o] é”™è¯¯ 1
make[1]: *** [CMakeFiles/Makefile2:562ï¼šCMakeFiles/mavros_plugins.dir/all] é”™è¯¯ 2
make: *** [Makefile:141ï¼šall] é”™è¯¯ 2
