[01m[K/home/szf/ROS/catkin_ws_3/src/mavros/mavros/src/SpeedControlSet_pub.cpp:[m[K In function â€˜[01m[Kint main(int, char**)[m[Kâ€™:
[01m[K/home/szf/ROS/catkin_ws_3/src/mavros/mavros/src/SpeedControlSet_pub.cpp:210:290:[m[K [01;31m[Kerror: [m[Kinvalid type argument of unary â€˜[01m[K*[m[Kâ€™ (have â€˜[01m[Kdouble[m[Kâ€™)
  210 |             pose_ref_y = 0.8 * sin(t*0.02*PI/4);                                                                                                                                                                                                                             * sin(PI*0.25*0.02*t[01;31m[K)[m[K;
      |                                                                                                                                                                                                                                                                                                  [01;31m[K^[m[K
[01m[K/home/szf/ROS/catkin_ws_3/src/mavros/mavros/src/SpeedControlSet_pub.cpp:211:81:[m[K [01;31m[Kerror: [m[Kâ€˜[01m[Kpose_ref[m[Kâ€™ was not declared in this scope; did you mean â€˜[01m[Kpose_ref_y[m[Kâ€™?
  211 |             pub.vy_set_sub = 0.2 * PI*cos(t*0.02*PI/4) + P_pose_y * (-pose[1] - [01;31m[Kpose_ref[m[K[1]);
      |                                                                                 [01;31m[K^~~~~~~~[m[K
      |                                                                                 [32m[Kpose_ref_y[m[K
make[2]: *** [CMakeFiles/SpeedControlSet_pub.dir/build.make:63ï¼šCMakeFiles/SpeedControlSet_pub.dir/src/SpeedControlSet_pub.cpp.o] é”™è¯¯ 1
make[1]: *** [CMakeFiles/Makefile2:530ï¼šCMakeFiles/SpeedControlSet_pub.dir/all] é”™è¯¯ 2
make: *** [Makefile:141ï¼šall] é”™è¯¯ 2
