[01m[K/home/szf/ROS/catkin_ws_3/src/mavros/mavros/src/plugins/speed_control.cpp:16:10:[m[K [01;31m[Kfatal error: [m[Ksrc/mavros/mavros/include/mavros/am_traj.hpp: æ²¡æœ‰é‚£ä¸ªæ–‡ä»¶æˆ–ç›®å½•
   16 | #include [01;31m[K"src/mavros/mavros/include/mavros/am_traj.hpp"[m[K
      |          [01;31m[K^~~~~~~~~~~~~~~~~~~~~~~~~~~~~~~~~~~~~~~~~~~~~~[m[K
compilation terminated.
make[2]: *** [CMakeFiles/mavros_plugins.dir/build.make:453ï¼šCMakeFiles/mavros_plugins.dir/src/plugins/speed_control.cpp.o] é”™è¯¯ 1
make[1]: *** [CMakeFiles/Makefile2:562ï¼šCMakeFiles/mavros_plugins.dir/all] é”™è¯¯ 2
make: *** [Makefile:141ï¼šall] é”™è¯¯ 2
