[01m[K/home/szf/ROS/catkin_ws_3/src/mavros/mavros/src/plugins/speed_control.cpp:[m[K In member function â€˜[01m[Kvoid mavros::std_plugins::SpeedControlPlugin::handle_speed_control(const mavlink_message_t*, mavlink::common::msg::SPEED_CONTROL_STATUS&)[m[Kâ€™:
[01m[K/home/szf/ROS/catkin_ws_3/src/mavros/mavros/src/plugins/speed_control.cpp:54:22:[m[K [01;31m[Kerror: [m[Kâ€˜[01m[Kstruct mavros_msgs::SpeedControlStatus_<std::allocator<void> >[m[Kâ€™ has no member named â€˜[01m[Kvx_speed_setvw_state[m[Kâ€™
   54 |   speed_control_msg->[01;31m[Kvx_speed_setvw_state[m[K = speed_control.vw_state;
      |                      [01;31m[K^~~~~~~~~~~~~~~~~~~~[m[K
[01m[K/home/szf/ROS/catkin_ws_3/src/mavros/mavros/src/plugins/speed_control.cpp:[m[K In member function â€˜[01m[Kbool mavros::std_plugins::SpeedControlPlugin::send_cb(mavros_msgs::SpeedControlSet::Request&, mavros_msgs::SpeedControlSet::Response&)[m[Kâ€™:
[01m[K/home/szf/ROS/catkin_ws_3/src/mavros/mavros/src/plugins/speed_control.cpp:65:7:[m[K [01;31m[Kerror: [m[Kâ€˜[01m[Kstruct mavlink::common::msg::SPEED_CONTROL_SET[m[Kâ€™ has no member named â€˜[01m[Kv[m[Kâ€™
   65 |   msg.[01;31m[Kv[m[K = req.vx_set;
      |       [01;31m[K^[m[K
[01m[K/home/szf/ROS/catkin_ws_3/src/mavros/mavros/src/plugins/speed_control.cpp:66:7:[m[K [01;31m[Kerror: [m[Kâ€˜[01m[Kstruct mavlink::common::msg::SPEED_CONTROL_SET[m[Kâ€™ has no member named â€˜[01m[Kvx_speed_set[m[Kâ€™
   66 |   msg.[01;31m[Kvx_speed_set[m[K = req.vx_set;
      |       [01;31m[K^~~~~~~~~~~~[m[K
[01m[K/home/szf/ROS/catkin_ws_3/src/mavros/mavros/src/plugins/speed_control.cpp:67:7:[m[K [01;31m[Kerror: [m[Kâ€˜[01m[Kstruct mavlink::common::msg::SPEED_CONTROL_SET[m[Kâ€™ has no member named â€˜[01m[Kvy_speed_set[m[Kâ€™
   67 |   msg.[01;31m[Kvy_speed_set[m[K = req.vy_set;
      |       [01;31m[K^~~~~~~~~~~~[m[K
[01m[K/home/szf/ROS/catkin_ws_3/src/mavros/mavros/src/plugins/speed_control.cpp:68:7:[m[K [01;31m[Kerror: [m[Kâ€˜[01m[Kstruct mavlink::common::msg::SPEED_CONTROL_SET[m[Kâ€™ has no member named â€˜[01m[Kvw_speed_set[m[Kâ€™
   68 |   msg.[01;31m[Kvw_speed_set[m[K = req.vw_set;
      |       [01;31m[K^~~~~~~~~~~~[m[K
make[2]: *** [CMakeFiles/mavros_plugins.dir/build.make:453ï¼šCMakeFiles/mavros_plugins.dir/src/plugins/speed_control.cpp.o] é”™è¯¯ 1
make[1]: *** [CMakeFiles/Makefile2:543ï¼šCMakeFiles/mavros_plugins.dir/all] é”™è¯¯ 2
make: *** [Makefile:141ï¼šall] é”™è¯¯ 2
