[01m[K/home/szf/ROS/catkin_ws_3/src/mavros/mavros/src/plugins/speed_control.cpp:59:68:[m[K [01;31m[Kerror: [m[K‚Äò[01m[Kmavlink_speed_control_status_t[m[K‚Äô has not been declared
   59 |   void handle_speed_control(const mavlink::mavlink_message_t *msg, [01;31m[Kmavlink_speed_control_status_t[m[K &speed_control)
      |                                                                    [01;31m[K^~~~~~~~~~~~~~~~~~~~~~~~~~~~~~[m[K
[01m[K/home/szf/ROS/catkin_ws_3/src/mavros/mavros/src/plugins/speed_control.cpp:[m[K In member function ‚Äò[01m[Kvoid mavros::std_plugins::SpeedControlPlugin::handle_speed_control(const mavlink_message_t*, int&)[m[K‚Äô:
[01m[K/home/szf/ROS/catkin_ws_3/src/mavros/mavros/src/plugins/speed_control.cpp:64:47:[m[K [01;31m[Kerror: [m[Krequest for member ‚Äò[01m[Kvx_state[m[K‚Äô in ‚Äò[01m[Kspeed_control[m[K‚Äô, which is of non-class type ‚Äò[01m[Kint[m[K‚Äô
   64 |   speed_control_msg->vx_state = speed_control.[01;31m[Kvx_state[m[K;
      |                                               [01;31m[K^~~~~~~~[m[K
[01m[K/home/szf/ROS/catkin_ws_3/src/mavros/mavros/src/plugins/speed_control.cpp:65:47:[m[K [01;31m[Kerror: [m[Krequest for member ‚Äò[01m[Kvy_state[m[K‚Äô in ‚Äò[01m[Kspeed_control[m[K‚Äô, which is of non-class type ‚Äò[01m[Kint[m[K‚Äô
   65 |   speed_control_msg->vy_state = speed_control.[01;31m[Kvy_state[m[K;
      |                                               [01;31m[K^~~~~~~~[m[K
[01m[K/home/szf/ROS/catkin_ws_3/src/mavros/mavros/src/plugins/speed_control.cpp:66:47:[m[K [01;31m[Kerror: [m[Krequest for member ‚Äò[01m[Kvw_state[m[K‚Äô in ‚Äò[01m[Kspeed_control[m[K‚Äô, which is of non-class type ‚Äò[01m[Kint[m[K‚Äô
   66 |   speed_control_msg->vx_state = speed_control.[01;31m[Kvw_state[m[K;
      |                                               [01;31m[K^~~~~~~~[m[K
In file included from [01m[K/home/szf/ROS/catkin_ws_3/src/mavros/mavros/src/plugins/speed_control.cpp:9[m[K:
/home/szf/ROS/catkin_ws_3/src/mavros/mavros/include/mavros/mavros_plugin.h: In instantiation of ‚Äò[01m[Kmavros::plugin::PluginBase::HandlerInfo mavros::plugin::PluginBase::make_handler(void (_C::*)(const mavlink_message_t*, _T&)) [with _C = mavros::std_plugins::SpeedControlPlugin; _T = int; mavros::plugin::PluginBase::HandlerInfo = std::tuple<unsigned int, const char*, long unsigned int, std::function<void(const mavlink::__mavlink_message*, mavconn::Framing)> >; mavlink::mavlink_message_t = mavlink::__mavlink_message][m[K‚Äô:
[01m[K/home/szf/ROS/catkin_ws_3/src/mavros/mavros/src/plugins/speed_control.cpp:34:58:[m[K   required from here
[01m[K/home/szf/ROS/catkin_ws_3/src/mavros/mavros/include/mavros/mavros_plugin.h:102:14:[m[K [01;31m[Kerror: [m[K‚Äò[01m[KMSG_ID[m[K‚Äô is not a member of ‚Äò[01m[Kint[m[K‚Äô
  102 |   const auto [01;31m[Kid[m[K = _T::MSG_ID;
      |              [01;31m[K^~[m[K
[01m[K/home/szf/ROS/catkin_ws_3/src/mavros/mavros/include/mavros/mavros_plugin.h:103:14:[m[K [01;31m[Kerror: [m[K‚Äò[01m[KNAME[m[K‚Äô is not a member of ‚Äò[01m[Kint[m[K‚Äô
  103 |   const auto [01;31m[Kname[m[K = _T::NAME;
      |              [01;31m[K^~~~[m[K
[01m[K/home/szf/ROS/catkin_ws_3/src/mavros/mavros/include/mavros/mavros_plugin.h:114:16:[m[K [01;31m[Kerror: [m[Krequest for member ‚Äò[01m[Kdeserialize[m[K‚Äô in ‚Äò[01m[Kobj[m[K‚Äô, which is of non-class type ‚Äò[01m[Kint[m[K‚Äô
  114 |            [01;31m[Kobj.deserialize[m[K(map);
      |            [01;31m[K~~~~^~~~~~~~~~~[m[K
[01m[K/home/szf/ROS/catkin_ws_3/src/mavros/mavros/include/mavros/mavros_plugin.h:118:3:[m[K [01;31m[Kerror: [m[Kno matching function for call to ‚Äò[01m[Kstd::tuple<unsigned int, const char*, long unsigned int, std::function<void(const mavlink::__mavlink_message*, mavconn::Framing)> >::tuple(<brace-enclosed initializer list>)[m[K‚Äô
  118 |   [01;31m[K}[m[K;
      |   [01;31m[K^[m[K
In file included from [01m[K/home/szf/ROS/catkin_ws_3/src/mavros/mavros/include/mavros/mavros_plugin.h:20[m[K,
                 from [01m[K/home/szf/ROS/catkin_ws_3/src/mavros/mavros/src/plugins/speed_control.cpp:9[m[K:
[01m[K/usr/include/c++/9/tuple:808:11:[m[K [01;36m[Knote: [m[Kcandidate: ‚Äò[01m[Ktemplate<class _Alloc, class _Dummy, class ... _UElements, typename std::enable_if<((std::tuple<unsigned int, const char*, long unsigned int, std::function<void(const mavlink::__mavlink_message*, mavconn::Framing)> >::_TMCT<_UElements ...>::_MoveConstructibleTuple<_UElements ...>() && (! std::tuple<unsigned int, const char*, long unsigned int, std::function<void(const mavlink::__mavlink_message*, mavconn::Framing)> >::_TMCT<_UElements ...>::_ImplicitlyMoveConvertibleTuple<_UElements ...>())) && std::tuple<unsigned int, const char*, long unsigned int, std::function<void(const mavlink::__mavlink_message*, mavconn::Framing)> >::_TNTC<_Dummy>::_NonNestedTuple<tuple<_Tail ...>&&>()), bool>::type <anonymous> > std::tuple<_Elements>::tuple(std::allocator_arg_t, const _Alloc&, std::tuple<_Args2 ...>&&)[m[K‚Äô
  808 |  explicit [01;36m[Ktuple[m[K(allocator_arg_t __tag, const _Alloc& __a,
      |           [01;36m[K^~~~~[m[K
[01m[K/usr/include/c++/9/tuple:808:11:[m[K [01;36m[Knote: [m[K  template argument deduction/substitution failed:
[01m[K/usr/include/c++/9/tuple:793:2:[m[K [01;36m[Knote: [m[Kcandidate: ‚Äò[01m[Ktemplate<class _Alloc, class _Dummy, class ... _UElements, typename std::enable_if<((std::tuple<unsigned int, const char*, long unsigned int, std::function<void(const mavlink::__mavlink_message*, mavconn::Framing)> >::_TMCT<_UElements ...>::_MoveConstructibleTuple<_UElements ...>() && std::tuple<unsigned int, const char*, long unsigned int, std::function<void(const mavlink::__mavlink_message*, mavconn::Framing)> >::_TMCT<_UElements ...>::_ImplicitlyMoveConvertibleTuple<_UElements ...>()) && std::tuple<unsigned int, const char*, long unsigned int, std::function<void(const mavlink::__mavlink_message*, mavconn::Framing)> >::_TNTC<_Dummy>::_NonNestedTuple<tuple<_Tail ...>&&>()), bool>::type <anonymous> > std::tuple<_Elements>::tuple(std::allocator_arg_t, const _Alloc&, std::tuple<_Args2 ...>&&)[m[K‚Äô
  793 |  [01;36m[Ktuple[m[K(allocator_arg_t __tag, const _Alloc& __a,
      |  [01;36m[K^~~~~[m[K
[01m[K/usr/include/c++/9/tuple:793:2:[m[K [01;36m[Knote: [m[K  template argument deduction/substitution failed:
[01m[K/usr/include/c++/9/tuple:778:11:[m[K [01;36m[Knote: [m[Kcandidate: ‚Äò[01m[Ktemplate<class _Alloc, class _Dummy, class ... _UElements, typename std::enable_if<((std::tuple<unsigned int, const char*, long unsigned int, std::function<void(const mavlink::__mavlink_message*, mavconn::Framing)> >::_TMCT<_UElements ...>::_ConstructibleTuple<_UElements ...>() && (! std::tuple<unsigned int, const char*, long unsigned int, std::function<void(const mavlink::__mavlink_message*, mavconn::Framing)> >::_TMCT<_UElements ...>::_ImplicitlyConvertibleTuple<_UElements ...>())) && std::tuple<unsigned int, const char*, long unsigned int, std::function<void(const mavlink::__mavlink_message*, mavconn::Framing)> >::_TNTC<_Dummy>::_NonNestedTuple<const tuple<_Tail ...>&>()), bool>::type <anonymous> > std::tuple<_Elements>::tuple(std::allocator_arg_t, const _Alloc&, const std::tuple<_Args2 ...>&)[m[K‚Äô
  778 |  explicit [01;36m[Ktuple[m[K(allocator_arg_t __tag, const _Alloc& __a,
      |           [01;36m[K^~~~~[m[K
[01m[K/usr/include/c++/9/tuple:778:11:[m[K [01;36m[Knote: [m[K  template argument deduction/substitution failed:
[01m[K/usr/include/c++/9/tuple:763:2:[m[K [01;36m[Knote: [m[Kcandidate: ‚Äò[01m[Ktemplate<class _Alloc, class _Dummy, class ... _UElements, typename std::enable_if<((std::tuple<unsigned int, const char*, long unsigned int, std::function<void(const mavlink::__mavlink_message*, mavconn::Framing)> >::_TMCT<_UElements ...>::_ConstructibleTuple<_UElements ...>() && std::tuple<unsigned int, const char*, long unsigned int, std::function<void(const mavlink::__mavlink_message*, mavconn::Framing)> >::_TMCT<_UElements ...>::_ImplicitlyConvertibleTuple<_UElements ...>()) && std::tuple<unsigned int, const char*, long unsigned int, std::function<void(const mavlink::__mavlink_message*, mavconn::Framing)> >::_TNTC<_Dummy>::_NonNestedTuple<const tuple<_Tail ...>&>()), bool>::type <anonymous> > std::tuple<_Elements>::tuple(std::allocator_arg_t, const _Alloc&, const std::tuple<_Args2 ...>&)[m[K‚Äô
  763 |  [01;36m[Ktuple[m[K(allocator_arg_t __tag, const _Alloc& __a,
      |  [01;36m[K^~~~~[m[K
[01m[K/usr/include/c++/9/tuple:763:2:[m[K [01;36m[Knote: [m[K  template argument deduction/substitution failed:
[01m[K/usr/include/c++/9/tuple:751:2:[m[K [01;36m[Knote: [m[Kcandidate: ‚Äò[01m[Ktemplate<class _Alloc> std::tuple<_Elements>::tuple(std::allocator_arg_t, const _Alloc&, std::tuple<_Elements>&&)[m[K‚Äô
  751 |  [01;36m[Ktuple[m[K(allocator_arg_t __tag, const _Alloc& __a, tuple&& __in)
      |  [01;36m[K^~~~~[m[K
[01m[K/usr/include/c++/9/tuple:751:2:[m[K [01;36m[Knote: [m[K  template argument deduction/substitution failed:
[01m[K/usr/include/c++/9/tuple:747:2:[m[K [01;36m[Knote: [m[Kcandidate: ‚Äò[01m[Ktemplate<class _Alloc> std::tuple<_Elements>::tuple(std::allocator_arg_t, const _Alloc&, const std::tuple<_Elements>&)[m[K‚Äô
  747 |  [01;36m[Ktuple[m[K(allocator_arg_t __tag, const _Alloc& __a, const tuple& __in)
      |  [01;36m[K^~~~~[m[K
[01m[K/usr/include/c++/9/tuple:747:2:[m[K [01;36m[Knote: [m[K  template argument deduction/substitution failed:
[01m[K/usr/include/c++/9/tuple:741:11:[m[K [01;36m[Knote: [m[Kcandidate: ‚Äò[01m[Ktemplate<class _Alloc, class ... _UElements, typename std::enable_if<(std::tuple<unsigned int, const char*, long unsigned int, std::function<void(const mavlink::__mavlink_message*, mavconn::Framing)> >::_TMC<_UElements ...>::_MoveConstructibleTuple<_UElements ...>() && (! std::tuple<unsigned int, const char*, long unsigned int, std::function<void(const mavlink::__mavlink_message*, mavconn::Framing)> >::_TMC<_UElements ...>::_ImplicitlyMoveConvertibleTuple<_UElements ...>())), bool>::type <anonymous> > std::tuple<_Elements>::tuple(std::allocator_arg_t, const _Alloc&, _UElements&& ...)[m[K‚Äô
  741 |  explicit [01;36m[Ktuple[m[K(allocator_arg_t __tag, const _Alloc& __a,
      |           [01;36m[K^~~~~[m[K
[01m[K/usr/include/c++/9/tuple:741:11:[m[K [01;36m[Knote: [m[K  template argument deduction/substitution failed:
[01m[K/usr/include/c++/9/tuple:730:2:[m[K [01;36m[Knote: [m[Kcandidate: ‚Äò[01m[Ktemplate<class _Alloc, class ... _UElements, typename std::enable_if<(std::tuple<unsigned int, const char*, long unsigned int, std::function<void(const mavlink::__mavlink_message*, mavconn::Framing)> >::_TMC<_UElements ...>::_MoveConstructibleTuple<_UElements ...>() && std::tuple<unsigned int, const char*, long unsigned int, std::function<void(const mavlink::__mavlink_message*, mavconn::Framing)> >::_TMC<_UElements ...>::_ImplicitlyMoveConvertibleTuple<_UElements ...>()), bool>::type <anonymous> > std::tuple<_Elements>::tuple(std::allocator_arg_t, const _Alloc&, _UElements&& ...)[m[K‚Äô
  730 |  [01;36m[Ktuple[m[K(allocator_arg_t __tag, const _Alloc& __a,
      |  [01;36m[K^~~~~[m[K
[01m[K/usr/include/c++/9/tuple:730:2:[m[K [01;36m[Knote: [m[K  template argument deduction/substitution failed:
[01m[K/usr/include/c++/9/tuple:720:11:[m[K [01;36m[Knote: [m[Kcandidate: ‚Äò[01m[Ktemplate<class _Alloc, class _Dummy, typename std::enable_if<(std::tuple<unsigned int, const char*, long unsigned int, std::function<void(const mavlink::__mavlink_message*, mavconn::Framing)> >::_TCC<_Dummy>::_ConstructibleTuple<unsigned int, const char*, long unsigned int, function<void(const mavlink::__mavlink_message*, mavconn::Framing)> >() && (! std::tuple<unsigned int, const char*, long unsigned int, std::function<void(const mavlink::__mavlink_message*, mavconn::Framing)> >::_TCC<_Dummy>::_ImplicitlyConvertibleTuple<unsigned int, const char*, long unsigned int, function<void(const mavlink::__mavlink_message*, mavconn::Framing)> >())), bool>::type <anonymous> > std::tuple<_Elements>::tuple(std::allocator_arg_t, const _Alloc&, const _Elements& ...)[m[K‚Äô
  720 |  explicit [01;36m[Ktuple[m[K(allocator_arg_t __tag, const _Alloc& __a,
      |           [01;36m[K^~~~~[m[K
[01m[K/usr/include/c++/9/tuple:720:11:[m[K [01;36m[Knote: [m[K  template argument deduction/substitution failed:
[01m[K/usr/include/c++/9/tuple:709:2:[m[K [01;36m[Knote: [m[Kcandidate: ‚Äò[01m[Ktemplate<class _Alloc, class _Dummy, typename std::enable_if<(std::tuple<unsigned int, const char*, long unsigned int, std::function<void(const mavlink::__mavlink_message*, mavconn::Framing)> >::_TCC<_Dummy>::_ConstructibleTuple<unsigned int, const char*, long unsigned int, function<void(const mavlink::__mavlink_message*, mavconn::Framing)> >() && std::tuple<unsigned int, const char*, long unsigned int, std::function<void(const mavlink::__mavlink_message*, mavconn::Framing)> >::_TCC<_Dummy>::_ImplicitlyConvertibleTuple<unsigned int, const char*, long unsigned int, function<void(const mavlink::__mavlink_message*, mavconn::Framing)> >()), bool>::type <anonymous> > std::tuple<_Elements>::tuple(std::allocator_arg_t, const _Alloc&, const _Elements& ...)[m[K‚Äô
  709 |  [01;36m[Ktuple[m[K(allocator_arg_t __tag, const _Alloc& __a,
      |  [01;36m[K^~~~~[m[K
[01m[K/usr/include/c++/9/tuple:709:2:[m[K [01;36m[Knote: [m[K  template argument deduction/substitution failed:
[01m[K/usr/include/c++/9/tuple:699:2:[m[K [01;36m[Knote: [m[Kcandidate: ‚Äò[01m[Ktemplate<class _Alloc> std::tuple<_Elements>::tuple(std::allocator_arg_t, const _Alloc&)[m[K‚Äô
  699 |  [01;36m[Ktuple[m[K(allocator_arg_t __tag, const _Alloc& __a)
      |  [01;36m[K^~~~~[m[K
[01m[K/usr/include/c++/9/tuple:699:2:[m[K [01;36m[Knote: [m[K  template argument deduction/substitution failed:
[01m[K/usr/include/c++/9/tuple:693:28:[m[K [01;36m[Knote: [m[Kcandidate: ‚Äò[01m[Ktemplate<class ... _UElements, class _Dummy, typename std::enable_if<((std::tuple<unsigned int, const char*, long unsigned int, std::function<void(const mavlink::__mavlink_message*, mavconn::Framing)> >::_TMCT<_UElements ...>::_MoveConstructibleTuple<_UElements ...>() && (! std::tuple<unsigned int, const char*, long unsigned int, std::function<void(const mavlink::__mavlink_message*, mavconn::Framing)> >::_TMCT<_UElements ...>::_ImplicitlyMoveConvertibleTuple<_UElements ...>())) && std::tuple<unsigned int, const char*, long unsigned int, std::function<void(const mavlink::__mavlink_message*, mavconn::Framing)> >::_TNTC<_Dummy>::_NonNestedTuple<tuple<_Tps ...>&&>()), bool>::type <anonymous> > constexpr std::tuple<_Elements>::tuple(std::tuple<_Args1 ...>&&)[m[K‚Äô
  693 |         explicit constexpr [01;36m[Ktuple[m[K(tuple<_UElements...>&& __in)
      |                            [01;36m[K^~~~~[m[K
[01m[K/usr/include/c++/9/tuple:693:28:[m[K [01;36m[Knote: [m[K  template argument deduction/substitution failed:
[01m[K/usr/include/c++/9/tuple:682:19:[m[K [01;36m[Knote: [m[Kcandidate: ‚Äò[01m[Ktemplate<class ... _UElements, class _Dummy, typename std::enable_if<((std::tuple<unsigned int, const char*, long unsigned int, std::function<void(const mavlink::__mavlink_message*, mavconn::Framing)> >::_TMCT<_UElements ...>::_MoveConstructibleTuple<_UElements ...>() && std::tuple<unsigned int, const char*, long unsigned int, std::function<void(const mavlink::__mavlink_message*, mavconn::Framing)> >::_TMCT<_UElements ...>::_ImplicitlyMoveConvertibleTuple<_UElements ...>()) && std::tuple<unsigned int, const char*, long unsigned int, std::function<void(const mavlink::__mavlink_message*, mavconn::Framing)> >::_TNTC<_Dummy>::_NonNestedTuple<tuple<_Tps ...>&&>()), bool>::type <anonymous> > constexpr std::tuple<_Elements>::tuple(std::tuple<_Args1 ...>&&)[m[K‚Äô
  682 |         constexpr [01;36m[Ktuple[m[K(tuple<_UElements...>&& __in)
      |                   [01;36m[K^~~~~[m[K
[01m[K/usr/include/c++/9/tuple:682:19:[m[K [01;36m[Knote: [m[K  template argument deduction/substitution failed:
[01m[K/usr/include/c++/9/tuple:670:28:[m[K [01;36m[Knote: [m[Kcandidate: ‚Äò[01m[Ktemplate<class ... _UElements, class _Dummy, typename std::enable_if<((std::tuple<unsigned int, const char*, long unsigned int, std::function<void(const mavlink::__mavlink_message*, mavconn::Framing)> >::_TMCT<_UElements ...>::_ConstructibleTuple<_UElements ...>() && (! std::tuple<unsigned int, const char*, long unsigned int, std::function<void(const mavlink::__mavlink_message*, mavconn::Framing)> >::_TMCT<_UElements ...>::_ImplicitlyConvertibleTuple<_UElements ...>())) && std::tuple<unsigned int, const char*, long unsigned int, std::function<void(const mavlink::__mavlink_message*, mavconn::Framing)> >::_TNTC<_Dummy>::_NonNestedTuple<const tuple<_Tps ...>&>()), bool>::type <anonymous> > constexpr std::tuple<_Elements>::tuple(const std::tuple<_Args1 ...>&)[m[K‚Äô
  670 |         explicit constexpr [01;36m[Ktuple[m[K(const tuple<_UElements...>& __in)
      |                            [01;36m[K^~~~~[m[K
[01m[K/usr/include/c++/9/tuple:670:28:[m[K [01;36m[Knote: [m[K  template argument deduction/substitution failed:
[01m[K/usr/include/c++/9/tuple:658:19:[m[K [01;36m[Knote: [m[Kcandidate: ‚Äò[01m[Ktemplate<class ... _UElements, class _Dummy, typename std::enable_if<((std::tuple<unsigned int, const char*, long unsigned int, std::function<void(const mavlink::__mavlink_message*, mavconn::Framing)> >::_TMCT<_UElements ...>::_ConstructibleTuple<_UElements ...>() && std::tuple<unsigned int, const char*, long unsigned int, std::function<void(const mavlink::__mavlink_message*, mavconn::Framing)> >::_TMCT<_UElements ...>::_ImplicitlyConvertibleTuple<_UElements ...>()) && std::tuple<unsigned int, const char*, long unsigned int, std::function<void(const mavlink::__mavlink_message*, mavconn::Framing)> >::_TNTC<_Dummy>::_NonNestedTuple<const tuple<_Tps ...>&>()), bool>::type <anonymous> > constexpr std::tuple<_Elements>::tuple(const std::tuple<_Args1 ...>&)[m[K‚Äô
  658 |         constexpr [01;36m[Ktuple[m[K(const tuple<_UElements...>& __in)
      |                   [01;36m[K^~~~~[m[K
[01m[K/usr/include/c++/9/tuple:658:19:[m[K [01;36m[Knote: [m[K  template argument deduction/substitution failed:
[01m[K/usr/include/c++/9/tuple:642:17:[m[K [01;36m[Knote: [m[Kcandidate: ‚Äò[01m[Kconstexpr std::tuple<_Elements>::tuple(std::tuple<_Elements>&&) [with _Elements = {unsigned int, const char*, long unsigned int, std::function<void(const mavlink::__mavlink_message*, mavconn::Framing)>}][m[K‚Äô
  642 |       constexpr [01;36m[Ktuple[m[K(tuple&&) = default;
      |                 [01;36m[K^~~~~[m[K
[01m[K/usr/include/c++/9/tuple:642:17:[m[K [01;36m[Knote: [m[K  candidate expects 1 argument, 4 provided
[01m[K/usr/include/c++/9/tuple:640:17:[m[K [01;36m[Knote: [m[Kcandidate: ‚Äò[01m[Kstd::tuple<_Elements>::tuple(const std::tuple<_Elements>&) [with _Elements = {unsigned int, const char*, long unsigned int, std::function<void(const mavlink::__mavlink_message*, mavconn::Framing)>}][m[K‚Äô
  640 |       constexpr [01;36m[Ktuple[m[K(const tuple&) = default;
      |                 [01;36m[K^~~~~[m[K
[01m[K/usr/include/c++/9/tuple:640:17:[m[K [01;36m[Knote: [m[K  candidate expects 1 argument, 4 provided
[01m[K/usr/include/c++/9/tuple:637:28:[m[K [01;36m[Knote: [m[Kcandidate: ‚Äò[01m[Ktemplate<class ... _UElements, typename std::enable_if<((std::tuple<unsigned int, const char*, long unsigned int, std::function<void(const mavlink::__mavlink_message*, mavconn::Framing)> >::_TMC<_UElements ...>::_MoveConstructibleTuple<_UElements ...>() && (! std::tuple<unsigned int, const char*, long unsigned int, std::function<void(const mavlink::__mavlink_message*, mavconn::Framing)> >::_TMC<_UElements ...>::_ImplicitlyMoveConvertibleTuple<_UElements ...>())) && (4 >= 1)), bool>::type <anonymous> > constexpr std::tuple<_Elements>::tuple(_UElements&& ...)[m[K‚Äô
  637 |         explicit constexpr [01;36m[Ktuple[m[K(_UElements&&... __elements)
      |                            [01;36m[K^~~~~[m[K
[01m[K/usr/include/c++/9/tuple:637:28:[m[K [01;36m[Knote: [m[K  template argument deduction/substitution failed:
[01m[K/usr/include/c++/9/tuple:626:19:[m[K [01;36m[Knote: [m[Kcandidate: ‚Äò[01m[Ktemplate<class ... _UElements, typename std::enable_if<((std::tuple<unsigned int, const char*, long unsigned int, std::function<void(const mavlink::__mavlink_message*, mavconn::Framing)> >::_TMC<_UElements ...>::_MoveConstructibleTuple<_UElements ...>() && std::tuple<unsigned int, const char*, long unsigned int, std::function<void(const mavlink::__mavlink_message*, mavconn::Framing)> >::_TMC<_UElements ...>::_ImplicitlyMoveConvertibleTuple<_UElements ...>()) && (4 >= 1)), bool>::type <anonymous> > constexpr std::tuple<_Elements>::tuple(_UElements&& ...)[m[K‚Äô
  626 |         constexpr [01;36m[Ktuple[m[K(_UElements&&... __elements)
      |                   [01;36m[K^~~~~[m[K
[01m[K/usr/include/c++/9/tuple:626:19:[m[K [01;36m[Knote: [m[K  template argument deduction/substitution failed:
[01m[K/usr/include/c++/9/tuple:599:26:[m[K [01;36m[Knote: [m[Kcandidate: ‚Äò[01m[Ktemplate<class _Dummy, typename std::enable_if<((std::tuple<unsigned int, const char*, long unsigned int, std::function<void(const mavlink::__mavlink_message*, mavconn::Framing)> >::_TCC<_Dummy>::_ConstructibleTuple<unsigned int, const char*, long unsigned int, function<void(const mavlink::__mavlink_message*, mavconn::Framing)> >() && (! std::tuple<unsigned int, const char*, long unsigned int, std::function<void(const mavlink::__mavlink_message*, mavconn::Framing)> >::_TCC<_Dummy>::_ImplicitlyConvertibleTuple<unsigned int, const char*, long unsigned int, function<void(const mavlink::__mavlink_message*, mavconn::Framing)> >())) && (4 >= 1)), bool>::type <anonymous> > constexpr std::tuple<_Elements>::tuple(const _Elements& ...)[m[K‚Äô
  599 |       explicit constexpr [01;36m[Ktuple[m[K(const _Elements&... __elements)
      |                          [01;36m[K^~~~~[m[K
[01m[K/usr/include/c++/9/tuple:599:26:[m[K [01;36m[Knote: [m[K  template argument deduction/substitution failed:
[01m[K/usr/include/c++/9/tuple:598:28:[m[K [01;31m[Kerror: [m[Kno type named ‚Äò[01m[Ktype[m[K‚Äô in ‚Äò[01m[Kstruct std::enable_if<false, bool>[m[K‚Äô
  598 |                bool>::type=[01;31m[Kfalse[m[K>
      |                            [01;31m[K^~~~~[m[K
[01m[K/usr/include/c++/9/tuple:588:19:[m[K [01;36m[Knote: [m[Kcandidate: ‚Äò[01m[Ktemplate<class _Dummy, typename std::enable_if<((std::tuple<unsigned int, const char*, long unsigned int, std::function<void(const mavlink::__mavlink_message*, mavconn::Framing)> >::_TCC<_Dummy>::_ConstructibleTuple<unsigned int, const char*, long unsigned int, function<void(const mavlink::__mavlink_message*, mavconn::Framing)> >() && std::tuple<unsigned int, const char*, long unsigned int, std::function<void(const mavlink::__mavlink_message*, mavconn::Framing)> >::_TCC<_Dummy>::_ImplicitlyConvertibleTuple<unsigned int, const char*, long unsigned int, function<void(const mavlink::__mavlink_message*, mavconn::Framing)> >()) && (4 >= 1)), bool>::type <anonymous> > constexpr std::tuple<_Elements>::tuple(const _Elements& ...)[m[K‚Äô
  588 |         constexpr [01;36m[Ktuple[m[K(const _Elements&... __elements)
      |                   [01;36m[K^~~~~[m[K
[01m[K/usr/include/c++/9/tuple:588:19:[m[K [01;36m[Knote: [m[K  template argument deduction/substitution failed:
In file included from [01m[K/home/szf/ROS/catkin_ws_3/src/mavros/mavros/src/plugins/speed_control.cpp:9[m[K:
[01m[K/home/szf/ROS/catkin_ws_3/src/mavros/mavros/include/mavros/mavros_plugin.h:107:11:[m[K [01;36m[Knote: [m[K  cannot convert ‚Äò[01m[Kid[m[K‚Äô (type ‚Äò[01m[K<type error>[m[K‚Äô) to type ‚Äò[01m[Kconst unsigned int&[m[K‚Äô
  107 |           [01;36m[Kid[m[K, name, type_hash_,
      |           [01;36m[K^~[m[K
In file included from [01m[K/home/szf/ROS/catkin_ws_3/src/mavros/mavros/include/mavros/mavros_plugin.h:20[m[K,
                 from [01m[K/home/szf/ROS/catkin_ws_3/src/mavros/mavros/src/plugins/speed_control.cpp:9[m[K:
[01m[K/usr/include/c++/9/tuple:571:26:[m[K [01;36m[Knote: [m[Kcandidate: ‚Äò[01m[Ktemplate<class _Dummy, typename std::enable_if<(std::tuple<unsigned int, const char*, long unsigned int, std::function<void(const mavlink::__mavlink_message*, mavconn::Framing)> >::_TC2<_Dummy>::_DefaultConstructibleTuple() && (! std::tuple<unsigned int, const char*, long unsigned int, std::function<void(const mavlink::__mavlink_message*, mavconn::Framing)> >::_TC2<_Dummy>::_ImplicitlyDefaultConstructibleTuple())), bool>::type <anonymous> > constexpr std::tuple<_Elements>::tuple()[m[K‚Äô
  571 |       explicit constexpr [01;36m[Ktuple[m[K()
      |                          [01;36m[K^~~~~[m[K
[01m[K/usr/include/c++/9/tuple:571:26:[m[K [01;36m[Knote: [m[K  template argument deduction/substitution failed:
In file included from [01m[K/home/szf/ROS/catkin_ws_3/src/mavros/mavros/src/plugins/speed_control.cpp:9[m[K:
[01m[K/home/szf/ROS/catkin_ws_3/src/mavros/mavros/include/mavros/mavros_plugin.h:118:3:[m[K [01;36m[Knote: [m[K  candidate expects 0 arguments, 4 provided
  118 |   [01;36m[K}[m[K;
      |   [01;36m[K^[m[K
In file included from [01m[K/home/szf/ROS/catkin_ws_3/src/mavros/mavros/include/mavros/mavros_plugin.h:20[m[K,
                 from [01m[K/home/szf/ROS/catkin_ws_3/src/mavros/mavros/src/plugins/speed_control.cpp:9[m[K:
[01m[K/usr/include/c++/9/tuple:561:17:[m[K [01;36m[Knote: [m[Kcandidate: ‚Äò[01m[Ktemplate<class _Dummy, typename std::enable_if<std::tuple<unsigned int, const char*, long unsigned int, std::function<void(const mavlink::__mavlink_message*, mavconn::Framing)> >::_TC2<_Dummy>::_ImplicitlyDefaultConstructibleTuple(), bool>::type <anonymous> > constexpr std::tuple<_Elements>::tuple()[m[K‚Äô
  561 |       constexpr [01;36m[Ktuple[m[K()
      |                 [01;36m[K^~~~~[m[K
[01m[K/usr/include/c++/9/tuple:561:17:[m[K [01;36m[Knote: [m[K  template argument deduction/substitution failed:
In file included from [01m[K/home/szf/ROS/catkin_ws_3/src/mavros/mavros/src/plugins/speed_control.cpp:9[m[K:
[01m[K/home/szf/ROS/catkin_ws_3/src/mavros/mavros/include/mavros/mavros_plugin.h:118:3:[m[K [01;36m[Knote: [m[K  candidate expects 0 arguments, 4 provided
  118 |   [01;36m[K}[m[K;
      |   [01;36m[K^[m[K
make[2]: *** [CMakeFiles/mavros_plugins.dir/build.make:453ÔºöCMakeFiles/mavros_plugins.dir/src/plugins/speed_control.cpp.o] ÈîôËØØ 1
make[2]: *** Ê≠£Âú®Á≠âÂæÖÊú™ÂÆåÊàêÁöÑ‰ªªÂä°....
make[1]: *** [CMakeFiles/Makefile2:543ÔºöCMakeFiles/mavros_plugins.dir/all] ÈîôËØØ 2
make: *** [Makefile:141Ôºöall] ÈîôËØØ 2
