[  0%] Built target trajectory_msgs_generate_messages_lisp
[  0%] Built target std_srvs_generate_messages_nodejs
[  0%] Built target tf2_msgs_generate_messages_cpp
[  0%] Built target actionlib_generate_messages_cpp
[  0%] Built target std_msgs_generate_messages_nodejs
[  0%] Built target trajectory_msgs_generate_messages_nodejs
[  0%] Built target actionlib_msgs_generate_messages_nodejs
[  0%] Built target geometry_msgs_generate_messages_eus
[  0%] Built target actionlib_generate_messages_nodejs
[  0%] Built target std_srvs_generate_messages_eus
[  0%] Built target rosgraph_msgs_generate_messages_lisp
[  0%] Built target trajectory_msgs_generate_messages_cpp
[  0%] Built target tf2_msgs_generate_messages_nodejs
[  0%] Built target std_srvs_generate_messages_lisp
[  0%] Built target tf2_msgs_generate_messages_lisp
[  0%] Built target actionlib_msgs_generate_messages_eus
[  0%] Built target rosgraph_msgs_generate_messages_py
[  0%] Built target geometry_msgs_generate_messages_cpp
[  0%] Built target nav_msgs_generate_messages_cpp
[  0%] Built target actionlib_generate_messages_lisp
[  0%] Built target roscpp_generate_messages_lisp
[  0%] Built target geometry_msgs_generate_messages_nodejs
[  0%] Built target std_msgs_generate_messages_py
[  0%] Built target diagnostic_msgs_generate_messages_eus
[  0%] Built target diagnostic_msgs_generate_messages_cpp
[  0%] Built target mavros_msgs_generate_messages_eus
[  0%] Built target std_msgs_generate_messages_cpp
[  0%] Built target trajectory_msgs_generate_messages_eus
[  0%] Built target roscpp_generate_messages_py
[  0%] Built target roscpp_generate_messages_cpp
[  0%] Built target std_srvs_generate_messages_cpp
[  0%] Built target std_msgs_generate_messages_lisp
[  0%] Built target nav_msgs_generate_messages_eus
[  0%] Built target actionlib_generate_messages_eus
[  0%] Built target trajectory_msgs_generate_messages_py
[  0%] Built target roscpp_generate_messages_eus
[  0%] Built target uuid_msgs_generate_messages_lisp
[  0%] Built target rosgraph_msgs_generate_messages_cpp
[  0%] Built target diagnostic_msgs_generate_messages_lisp
[  0%] Built target uuid_msgs_generate_messages_cpp
[  0%] Built target uuid_msgs_generate_messages_eus
[  0%] Built target mavros_msgs_generate_messages_py
[  0%] Built target roscpp_generate_messages_nodejs
[  0%] Built target geometry_msgs_generate_messages_lisp
[  0%] Built target diagnostic_msgs_generate_messages_nodejs
[  0%] Built target tf2_msgs_generate_messages_eus
[  0%] Built target actionlib_generate_messages_py
[  0%] Built target geometry_msgs_generate_messages_py
[  0%] Built target geographic_msgs_generate_messages_cpp
[  0%] Built target rosgraph_msgs_generate_messages_nodejs
[  0%] Built target sensor_msgs_generate_messages_py
[  0%] Built target diagnostic_msgs_generate_messages_py
[  0%] Built target std_srvs_generate_messages_py
[  0%] Built target sensor_msgs_generate_messages_cpp
[  0%] Built target rosgraph_msgs_generate_messages_eus
[  0%] Built target nav_msgs_generate_messages_nodejs
[  0%] Built target geographic_msgs_generate_messages_lisp
[  0%] Built target geographic_msgs_generate_messages_eus
[  0%] Built target nav_msgs_generate_messages_py
[  0%] Built target geographic_msgs_generate_messages_nodejs
[  0%] Built target geographic_msgs_generate_messages_py
[  0%] Built target sensor_msgs_generate_messages_eus
[  0%] Built target sensor_msgs_generate_messages_lisp
[  0%] Built target tf2_msgs_generate_messages_py
[  0%] Built target std_msgs_generate_messages_eus
[  0%] Built target actionlib_msgs_generate_messages_cpp
[  0%] Built target actionlib_msgs_generate_messages_py
[  0%] Built target uuid_msgs_generate_messages_py
[  0%] Built target sensor_msgs_generate_messages_nodejs
[  0%] Built target mavros_msgs_generate_messages_nodejs
[  0%] Built target mavros_msgs_generate_messages_cpp
[  0%] Built target mavros_msgs_generate_messages_lisp
[  0%] Built target nav_msgs_generate_messages_lisp
[  0%] Built target uuid_msgs_generate_messages_nodejs
[  0%] Built target actionlib_msgs_generate_messages_lisp
[ 23%] Built target mavros
[ 27%] Built target gcs_bridge
[ 31%] Built target mavros_node
[ 34%] [32mBuilding CXX object CMakeFiles/mavros_plugins.dir/src/plugins/speed_control.cpp.o[0m
In file included from [01m[K/home/szf/ROS/catkin_ws_3/devel/include/mavlink/v1.0/common/../protocol.h:5[m[K,
                 from [01m[K/home/szf/ROS/catkin_ws_3/devel/include/mavlink/v1.0/common/common.h:30[m[K,
                 from [01m[K/home/szf/ROS/catkin_ws_3/devel/include/mavlink/v1.0/common/mavlink.h:32[m[K,
                 from [01m[K/home/szf/ROS/catkin_ws_3/src/mavros/mavros/src/plugins/speed_control.cpp:12[m[K:
[01m[K/home/szf/ROS/catkin_ws_3/devel/include/mavlink/v1.0/common/../mavlink_types.h:23:[m[K [01;35m[Kwarning: [m[K"MAVLINK_CORE_HEADER_LEN" redefined
   23 | #define MAVLINK_CORE_HEADER_LEN 5 ///< Length of core header (of the comm. layer): message length (1 byte) + message sequence (1 byte) + message system id (1 byte) + message component id (1 byte) + message type id (1 byte)
      | 
In file included from [01m[K/home/szf/ROS/catkin_ws_3/devel/include/mavlink/v2.0/common/../message.hpp:16[m[K,
                 from [01m[K/home/szf/ROS/catkin_ws_3/devel/include/mavlink/v2.0/common/common.hpp:16[m[K,
                 from [01m[K/home/szf/ROS/catkin_ws_3/src/mavros/libmavconn/include/mavconn/mavlink_dialect.h:26[m[K,
                 from [01m[K/home/szf/ROS/catkin_ws_3/src/mavros/libmavconn/include/mavconn/interface.h:37[m[K,
                 from [01m[K/home/szf/ROS/catkin_ws_3/src/mavros/mavros/include/mavros/mavros_plugin.h:24[m[K,
                 from [01m[K/home/szf/ROS/catkin_ws_3/src/mavros/mavros/src/plugins/speed_control.cpp:9[m[K:
[01m[K/home/szf/ROS/catkin_ws_3/devel/include/mavlink/v2.0/common/../mavlink_types.h:27:[m[K [01;36m[Knote: [m[Kthis is the location of the previous definition
   27 | #define MAVLINK_CORE_HEADER_LEN 9 ///< Length of core header (of the comm. layer)
      | 
In file included from [01m[K/home/szf/ROS/catkin_ws_3/devel/include/mavlink/v1.0/common/../protocol.h:5[m[K,
                 from [01m[K/home/szf/ROS/catkin_ws_3/devel/include/mavlink/v1.0/common/common.h:30[m[K,
                 from [01m[K/home/szf/ROS/catkin_ws_3/devel/include/mavlink/v1.0/common/mavlink.h:32[m[K,
                 from [01m[K/home/szf/ROS/catkin_ws_3/src/mavros/mavros/src/plugins/speed_control.cpp:12[m[K:
[01m[K/home/szf/ROS/catkin_ws_3/devel/include/mavlink/v1.0/common/../mavlink_types.h:28:[m[K [01;35m[Kwarning: [m[K"MAVLINK_MAX_PACKET_LEN" redefined
   28 | #define MAVLINK_MAX_PACKET_LEN (MAVLINK_MAX_PAYLOAD_LEN + MAVLINK_NUM_NON_PAYLOAD_BYTES) ///< Maximum packet length
      | 
In file included from [01m[K/home/szf/ROS/catkin_ws_3/devel/include/mavlink/v2.0/common/../message.hpp:16[m[K,
                 from [01m[K/home/szf/ROS/catkin_ws_3/devel/include/mavlink/v2.0/common/common.hpp:16[m[K,
                 from [01m[K/home/szf/ROS/catkin_ws_3/src/mavros/libmavconn/include/mavconn/mavlink_dialect.h:26[m[K,
                 from [01m[K/home/szf/ROS/catkin_ws_3/src/mavros/libmavconn/include/mavconn/interface.h:37[m[K,
                 from [01m[K/home/szf/ROS/catkin_ws_3/src/mavros/mavros/include/mavros/mavros_plugin.h:24[m[K,
                 from [01m[K/home/szf/ROS/catkin_ws_3/src/mavros/mavros/src/plugins/speed_control.cpp:9[m[K:
[01m[K/home/szf/ROS/catkin_ws_3/devel/include/mavlink/v2.0/common/../mavlink_types.h:35:[m[K [01;36m[Knote: [m[Kthis is the location of the previous definition
   35 | #define MAVLINK_MAX_PACKET_LEN (MAVLINK_MAX_PAYLOAD_LEN + MAVLINK_NUM_NON_PAYLOAD_BYTES + MAVLINK_SIGNATURE_BLOCK_LEN) ///< Maximum packet length
      | 
In file included from [01m[K/home/szf/ROS/catkin_ws_3/devel/include/mavlink/v1.0/common/../protocol.h:85[m[K,
                 from [01m[K/home/szf/ROS/catkin_ws_3/devel/include/mavlink/v1.0/common/common.h:30[m[K,
                 from [01m[K/home/szf/ROS/catkin_ws_3/devel/include/mavlink/v1.0/common/mavlink.h:32[m[K,
                 from [01m[K/home/szf/ROS/catkin_ws_3/src/mavros/mavros/src/plugins/speed_control.cpp:12[m[K:
[01m[K/home/szf/ROS/catkin_ws_3/devel/include/mavlink/v1.0/common/../mavlink_helpers.h:[m[K In function â€˜[01m[Kuint16_t mavlink_finalize_message_chan(mavlink_message_t*, uint8_t, uint8_t, uint8_t, uint8_t, uint8_t, uint8_t)[m[Kâ€™:
[01m[K/home/szf/ROS/catkin_ws_3/devel/include/mavlink/v1.0/common/../mavlink_helpers.h:86:24:[m[K [01;35m[Kwarning: [m[Ktaking address of packed member of â€˜[01m[K__mavlink_message[m[Kâ€™ may result in an unaligned pointer value [[01;35m[K-Waddress-of-packed-member[m[K]
   86 |  crc_accumulate_buffer([01;35m[K&msg->checksum[m[K, _MAV_PAYLOAD(msg), msg->len);
      |                        [01;35m[K^~~~~~~~~~~~~~[m[K
[01m[K/home/szf/ROS/catkin_ws_3/devel/include/mavlink/v1.0/common/../mavlink_helpers.h:88:28:[m[K [01;35m[Kwarning: [m[Ktaking address of packed member of â€˜[01m[K__mavlink_message[m[Kâ€™ may result in an unaligned pointer value [[01;35m[K-Waddress-of-packed-member[m[K]
   88 |  crc_accumulate(crc_extra, [01;35m[K&msg->checksum[m[K);
      |                            [01;35m[K^~~~~~~~~~~~~~[m[K
[01m[K/home/szf/ROS/catkin_ws_3/devel/include/mavlink/v1.0/common/../mavlink_helpers.h:[m[K In function â€˜[01m[Kvoid mavlink_start_checksum(mavlink_message_t*)[m[Kâ€™:
[01m[K/home/szf/ROS/catkin_ws_3/devel/include/mavlink/v1.0/common/../mavlink_helpers.h:200:11:[m[K [01;35m[Kwarning: [m[Ktaking address of packed member of â€˜[01m[K__mavlink_message[m[Kâ€™ may result in an unaligned pointer value [[01;35m[K-Waddress-of-packed-member[m[K]
  200 |  crc_init([01;35m[K&msg->checksum[m[K);
      |           [01;35m[K^~~~~~~~~~~~~~[m[K
[01m[K/home/szf/ROS/catkin_ws_3/devel/include/mavlink/v1.0/common/../mavlink_helpers.h:[m[K In function â€˜[01m[Kvoid mavlink_update_checksum(mavlink_message_t*, uint8_t)[m[Kâ€™:
[01m[K/home/szf/ROS/catkin_ws_3/devel/include/mavlink/v1.0/common/../mavlink_helpers.h:205:20:[m[K [01;35m[Kwarning: [m[Ktaking address of packed member of â€˜[01m[K__mavlink_message[m[Kâ€™ may result in an unaligned pointer value [[01;35m[K-Waddress-of-packed-member[m[K]
  205 |  crc_accumulate(c, [01;35m[K&msg->checksum[m[K);
      |                    [01;35m[K^~~~~~~~~~~~~~[m[K
[01m[K/home/szf/ROS/catkin_ws_3/src/mavros/mavros/src/plugins/speed_control.cpp:[m[K At global scope:
[01m[K/home/szf/ROS/catkin_ws_3/src/mavros/mavros/src/plugins/speed_control.cpp:71:28:[m[K [01;31m[Kerror: [m[Kâ€˜[01m[Kmavros_msgs::SpeedControlSet[m[Kâ€™ has not been declared
   71 |  bool send_cb(mavros_msgs::[01;31m[KSpeedControlSet[m[K::Request &req, mavros_msgs::SpeedControlSet::Response &responce)
      |                            [01;31m[K^~~~~~~~~~~~~~~[m[K
[01m[K/home/szf/ROS/catkin_ws_3/src/mavros/mavros/src/plugins/speed_control.cpp:71:53:[m[K [01;31m[Kerror: [m[Kexpected â€˜[01m[K,[m[Kâ€™ or â€˜[01m[K...[m[Kâ€™ before â€˜[01m[K&[m[Kâ€™ token
   71 |  bool send_cb(mavros_msgs::SpeedControlSet::Request [01;31m[K&[m[Kreq, mavros_msgs::SpeedControlSet::Response &responce)
      |                                                     [01;31m[K^[m[K
[01m[K/home/szf/ROS/catkin_ws_3/src/mavros/mavros/src/plugins/speed_control.cpp:[m[K In member function â€˜[01m[Kvirtual void mavros::std_plugins::SpeedControlPlugin::initialize(mavros::UAS&)[m[Kâ€™:
[01m[K/home/szf/ROS/catkin_ws_3/src/mavros/mavros/src/plugins/speed_control.cpp:30:57:[m[K [01;31m[Kerror: [m[Kâ€˜[01m[KSpeedControlStatus[m[Kâ€™ is not a member of â€˜[01m[Kmavros_msgs[m[Kâ€™
   30 |   control_pub = speed_control_nh.advertise<mavros_msgs::[01;31m[KSpeedControlStatus[m[K>("status", 10);
      |                                                         [01;31m[K^~~~~~~~~~~~~~~~~~[m[K
[01m[K/home/szf/ROS/catkin_ws_3/src/mavros/mavros/src/plugins/speed_control.cpp:30:57:[m[K [01;31m[Kerror: [m[Kâ€˜[01m[KSpeedControlStatus[m[Kâ€™ is not a member of â€˜[01m[Kmavros_msgs[m[Kâ€™
[01m[K/home/szf/ROS/catkin_ws_3/src/mavros/mavros/src/plugins/speed_control.cpp:30:89:[m[K [01;31m[Kerror: [m[Kno matching function for call to â€˜[01m[Kros::NodeHandle::advertise<<expression error> >(const char [7], int)[m[Kâ€™
   30 |   control_pub = speed_control_nh.advertise<mavros_msgs::SpeedControlStatus>("status", 10[01;31m[K)[m[K;
      |                                                                                         [01;31m[K^[m[K
In file included from [01m[K/opt/ros/noetic/include/diagnostic_updater/diagnostic_updater.h:42[m[K,
                 from [01m[K/home/szf/ROS/catkin_ws_3/src/mavros/mavros/include/mavros/mavros_plugin.h:23[m[K,
                 from [01m[K/home/szf/ROS/catkin_ws_3/src/mavros/mavros/src/plugins/speed_control.cpp:9[m[K:
[01m[K/opt/ros/noetic/include/ros/node_handle.h:249:15:[m[K [01;36m[Knote: [m[Kcandidate: â€˜[01m[Ktemplate<class M> ros::Publisher ros::NodeHandle::advertise(const string&, uint32_t, bool)[m[Kâ€™
  249 |     Publisher [01;36m[Kadvertise[m[K(const std::string& topic, uint32_t queue_size, bool latch = false)
      |               [01;36m[K^~~~~~~~~[m[K
[01m[K/opt/ros/noetic/include/ros/node_handle.h:249:15:[m[K [01;36m[Knote: [m[K  template argument deduction/substitution failed:
[01m[K/home/szf/ROS/catkin_ws_3/src/mavros/mavros/src/plugins/speed_control.cpp:30:89:[m[K [01;31m[Kerror: [m[Ktemplate argument 1 is invalid
   30 |   control_pub = speed_control_nh.advertise<mavros_msgs::SpeedControlStatus>("status", 10[01;31m[K)[m[K;
      |                                                                                         [01;31m[K^[m[K
In file included from [01m[K/opt/ros/noetic/include/diagnostic_updater/diagnostic_updater.h:42[m[K,
                 from [01m[K/home/szf/ROS/catkin_ws_3/src/mavros/mavros/include/mavros/mavros_plugin.h:23[m[K,
                 from [01m[K/home/szf/ROS/catkin_ws_3/src/mavros/mavros/src/plugins/speed_control.cpp:9[m[K:
[01m[K/opt/ros/noetic/include/ros/node_handle.h:315:13:[m[K [01;36m[Knote: [m[Kcandidate: â€˜[01m[Ktemplate<class M> ros::Publisher ros::NodeHandle::advertise(const string&, uint32_t, const SubscriberStatusCallback&, const SubscriberStatusCallback&, const VoidConstPtr&, bool)[m[Kâ€™
  315 |   Publisher [01;36m[Kadvertise[m[K(const std::string& topic, uint32_t queue_size,
      |             [01;36m[K^~~~~~~~~[m[K
[01m[K/opt/ros/noetic/include/ros/node_handle.h:315:13:[m[K [01;36m[Knote: [m[K  template argument deduction/substitution failed:
[01m[K/home/szf/ROS/catkin_ws_3/src/mavros/mavros/src/plugins/speed_control.cpp:30:89:[m[K [01;31m[Kerror: [m[Ktemplate argument 1 is invalid
   30 |   control_pub = speed_control_nh.advertise<mavros_msgs::SpeedControlStatus>("status", 10[01;31m[K)[m[K;
      |                                                                                         [01;31m[K^[m[K
[01m[K/home/szf/ROS/catkin_ws_3/src/mavros/mavros/src/plugins/speed_control.cpp:31:94:[m[K [01;31m[Kerror: [m[Kno matching function for call to â€˜[01m[Kros::NodeHandle::advertiseService(const char [5], bool (mavros::std_plugins::SpeedControlPlugin::*)(int), mavros::std_plugins::SpeedControlPlugin*)[m[Kâ€™
   31 |   send_service = speed_control_nh.advertiseService("send", &SpeedControlPlugin::send_cb, this[01;31m[K)[m[K;
      |                                                                                              [01;31m[K^[m[K
In file included from [01m[K/opt/ros/noetic/include/diagnostic_updater/diagnostic_updater.h:42[m[K,
                 from [01m[K/home/szf/ROS/catkin_ws_3/src/mavros/mavros/include/mavros/mavros_plugin.h:23[m[K,
                 from [01m[K/home/szf/ROS/catkin_ws_3/src/mavros/mavros/src/plugins/speed_control.cpp:9[m[K:
[01m[K/opt/ros/noetic/include/ros/node_handle.h:879:17:[m[K [01;36m[Knote: [m[Kcandidate: â€˜[01m[Ktemplate<class T, class MReq, class MRes> ros::ServiceServer ros::NodeHandle::advertiseService(const string&, bool (T::*)(MReq&, MRes&), T*)[m[Kâ€™
  879 |   ServiceServer [01;36m[KadvertiseService[m[K(const std::string& service, bool(T::*srv_func)(MReq &, MRes &), T *obj)
      |                 [01;36m[K^~~~~~~~~~~~~~~~[m[K
[01m[K/opt/ros/noetic/include/ros/node_handle.h:879:17:[m[K [01;36m[Knote: [m[K  template argument deduction/substitution failed:
[01m[K/home/szf/ROS/catkin_ws_3/src/mavros/mavros/src/plugins/speed_control.cpp:31:94:[m[K [01;36m[Knote: [m[K  mismatched types â€˜[01m[KMReq&[m[Kâ€™ and â€˜[01m[Kint[m[Kâ€™
   31 |   send_service = speed_control_nh.advertiseService("send", &SpeedControlPlugin::send_cb, this[01;36m[K)[m[K;
      |                                                                                              [01;36m[K^[m[K
In file included from [01m[K/opt/ros/noetic/include/diagnostic_updater/diagnostic_updater.h:42[m[K,
                 from [01m[K/home/szf/ROS/catkin_ws_3/src/mavros/mavros/include/mavros/mavros_plugin.h:23[m[K,
                 from [01m[K/home/szf/ROS/catkin_ws_3/src/mavros/mavros/src/plugins/speed_control.cpp:9[m[K:
[01m[K/opt/ros/noetic/include/ros/node_handle.h:924:17:[m[K [01;36m[Knote: [m[Kcandidate: â€˜[01m[Ktemplate<class T, class MReq, class MRes> ros::ServiceServer ros::NodeHandle::advertiseService(const string&, bool (T::*)(ros::ServiceEvent<MReq, MRes>&), T*)[m[Kâ€™
  924 |   ServiceServer [01;36m[KadvertiseService[m[K(const std::string& service, bool(T::*srv_func)(ServiceEvent<MReq, MRes>&), T *obj)
      |                 [01;36m[K^~~~~~~~~~~~~~~~[m[K
[01m[K/opt/ros/noetic/include/ros/node_handle.h:924:17:[m[K [01;36m[Knote: [m[K  template argument deduction/substitution failed:
[01m[K/home/szf/ROS/catkin_ws_3/src/mavros/mavros/src/plugins/speed_control.cpp:31:94:[m[K [01;36m[Knote: [m[K  mismatched types â€˜[01m[Kros::ServiceEvent<MReq, MRes>&[m[Kâ€™ and â€˜[01m[Kint[m[Kâ€™
   31 |   send_service = speed_control_nh.advertiseService("send", &SpeedControlPlugin::send_cb, this[01;36m[K)[m[K;
      |                                                                                              [01;36m[K^[m[K
In file included from [01m[K/opt/ros/noetic/include/diagnostic_updater/diagnostic_updater.h:42[m[K,
                 from [01m[K/home/szf/ROS/catkin_ws_3/src/mavros/mavros/include/mavros/mavros_plugin.h:23[m[K,
                 from [01m[K/home/szf/ROS/catkin_ws_3/src/mavros/mavros/src/plugins/speed_control.cpp:9[m[K:
[01m[K/opt/ros/noetic/include/ros/node_handle.h:970:17:[m[K [01;36m[Knote: [m[Kcandidate: â€˜[01m[Ktemplate<class T, class MReq, class MRes> ros::ServiceServer ros::NodeHandle::advertiseService(const string&, bool (T::*)(MReq&, MRes&), const boost::shared_ptr<X>&)[m[Kâ€™
  970 |   ServiceServer [01;36m[KadvertiseService[m[K(const std::string& service, bool(T::*srv_func)(MReq &, MRes &), const boost::shared_ptr<T>& obj)
      |                 [01;36m[K^~~~~~~~~~~~~~~~[m[K
[01m[K/opt/ros/noetic/include/ros/node_handle.h:970:17:[m[K [01;36m[Knote: [m[K  template argument deduction/substitution failed:
[01m[K/home/szf/ROS/catkin_ws_3/src/mavros/mavros/src/plugins/speed_control.cpp:31:94:[m[K [01;36m[Knote: [m[K  mismatched types â€˜[01m[KMReq&[m[Kâ€™ and â€˜[01m[Kint[m[Kâ€™
   31 |   send_service = speed_control_nh.advertiseService("send", &SpeedControlPlugin::send_cb, this[01;36m[K)[m[K;
      |                                                                                              [01;36m[K^[m[K
In file included from [01m[K/opt/ros/noetic/include/diagnostic_updater/diagnostic_updater.h:42[m[K,
                 from [01m[K/home/szf/ROS/catkin_ws_3/src/mavros/mavros/include/mavros/mavros_plugin.h:23[m[K,
                 from [01m[K/home/szf/ROS/catkin_ws_3/src/mavros/mavros/src/plugins/speed_control.cpp:9[m[K:
[01m[K/opt/ros/noetic/include/ros/node_handle.h:1017:17:[m[K [01;36m[Knote: [m[Kcandidate: â€˜[01m[Ktemplate<class T, class MReq, class MRes> ros::ServiceServer ros::NodeHandle::advertiseService(const string&, bool (T::*)(ros::ServiceEvent<MReq, MRes>&), const boost::shared_ptr<X>&)[m[Kâ€™
 1017 |   ServiceServer [01;36m[KadvertiseService[m[K(const std::string& service, bool(T::*srv_func)(ServiceEvent<MReq, MRes>&), const boost::shared_ptr<T>& obj)
      |                 [01;36m[K^~~~~~~~~~~~~~~~[m[K
[01m[K/opt/ros/noetic/include/ros/node_handle.h:1017:17:[m[K [01;36m[Knote: [m[K  template argument deduction/substitution failed:
[01m[K/home/szf/ROS/catkin_ws_3/src/mavros/mavros/src/plugins/speed_control.cpp:31:94:[m[K [01;36m[Knote: [m[K  mismatched types â€˜[01m[Kros::ServiceEvent<MReq, MRes>&[m[Kâ€™ and â€˜[01m[Kint[m[Kâ€™
   31 |   send_service = speed_control_nh.advertiseService("send", &SpeedControlPlugin::send_cb, this[01;36m[K)[m[K;
      |                                                                                              [01;36m[K^[m[K
In file included from [01m[K/opt/ros/noetic/include/diagnostic_updater/diagnostic_updater.h:42[m[K,
                 from [01m[K/home/szf/ROS/catkin_ws_3/src/mavros/mavros/include/mavros/mavros_plugin.h:23[m[K,
                 from [01m[K/home/szf/ROS/catkin_ws_3/src/mavros/mavros/src/plugins/speed_control.cpp:9[m[K:
[01m[K/opt/ros/noetic/include/ros/node_handle.h:1061:17:[m[K [01;36m[Knote: [m[Kcandidate: â€˜[01m[Ktemplate<class MReq, class MRes> ros::ServiceServer ros::NodeHandle::advertiseService(const string&, bool (*)(MReq&, MRes&))[m[Kâ€™
 1061 |   ServiceServer [01;36m[KadvertiseService[m[K(const std::string& service, bool(*srv_func)(MReq&, MRes&))
      |                 [01;36m[K^~~~~~~~~~~~~~~~[m[K
[01m[K/opt/ros/noetic/include/ros/node_handle.h:1061:17:[m[K [01;36m[Knote: [m[K  template argument deduction/substitution failed:
[01m[K/home/szf/ROS/catkin_ws_3/src/mavros/mavros/src/plugins/speed_control.cpp:31:94:[m[K [01;36m[Knote: [m[K  mismatched types â€˜[01m[Kbool (*)(MReq&, MRes&)[m[Kâ€™ and â€˜[01m[Kbool (mavros::std_plugins::SpeedControlPlugin::*)(int)[m[Kâ€™
   31 |   send_service = speed_control_nh.advertiseService("send", &SpeedControlPlugin::send_cb, this[01;36m[K)[m[K;
      |                                                                                              [01;36m[K^[m[K
In file included from [01m[K/opt/ros/noetic/include/diagnostic_updater/diagnostic_updater.h:42[m[K,
                 from [01m[K/home/szf/ROS/catkin_ws_3/src/mavros/mavros/include/mavros/mavros_plugin.h:23[m[K,
                 from [01m[K/home/szf/ROS/catkin_ws_3/src/mavros/mavros/src/plugins/speed_control.cpp:9[m[K:
[01m[K/opt/ros/noetic/include/ros/node_handle.h:1104:17:[m[K [01;36m[Knote: [m[Kcandidate: â€˜[01m[Ktemplate<class MReq, class MRes> ros::ServiceServer ros::NodeHandle::advertiseService(const string&, bool (*)(ros::ServiceEvent<MReq, MRes>&))[m[Kâ€™
 1104 |   ServiceServer [01;36m[KadvertiseService[m[K(const std::string& service, bool(*srv_func)(ServiceEvent<MReq, MRes>&))
      |                 [01;36m[K^~~~~~~~~~~~~~~~[m[K
[01m[K/opt/ros/noetic/include/ros/node_handle.h:1104:17:[m[K [01;36m[Knote: [m[K  template argument deduction/substitution failed:
[01m[K/home/szf/ROS/catkin_ws_3/src/mavros/mavros/src/plugins/speed_control.cpp:31:94:[m[K [01;36m[Knote: [m[K  mismatched types â€˜[01m[Kbool (*)(ros::ServiceEvent<MReq, MRes>&)[m[Kâ€™ and â€˜[01m[Kbool (mavros::std_plugins::SpeedControlPlugin::*)(int)[m[Kâ€™
   31 |   send_service = speed_control_nh.advertiseService("send", &SpeedControlPlugin::send_cb, this[01;36m[K)[m[K;
      |                                                                                              [01;36m[K^[m[K
In file included from [01m[K/opt/ros/noetic/include/diagnostic_updater/diagnostic_updater.h:42[m[K,
                 from [01m[K/home/szf/ROS/catkin_ws_3/src/mavros/mavros/include/mavros/mavros_plugin.h:23[m[K,
                 from [01m[K/home/szf/ROS/catkin_ws_3/src/mavros/mavros/src/plugins/speed_control.cpp:9[m[K:
[01m[K/opt/ros/noetic/include/ros/node_handle.h:1145:17:[m[K [01;36m[Knote: [m[Kcandidate: â€˜[01m[Ktemplate<class MReq, class MRes> ros::ServiceServer ros::NodeHandle::advertiseService(const string&, const boost::function<bool(MReq&, MRes&)>&, const VoidConstPtr&)[m[Kâ€™
 1145 |   ServiceServer [01;36m[KadvertiseService[m[K(const std::string& service, const boost::function<bool(MReq&, MRes&)>& callback,
      |                 [01;36m[K^~~~~~~~~~~~~~~~[m[K
[01m[K/opt/ros/noetic/include/ros/node_handle.h:1145:17:[m[K [01;36m[Knote: [m[K  template argument deduction/substitution failed:
[01m[K/home/szf/ROS/catkin_ws_3/src/mavros/mavros/src/plugins/speed_control.cpp:31:94:[m[K [01;36m[Knote: [m[K  mismatched types â€˜[01m[Kconst boost::function<bool(MReq&, MRes&)>[m[Kâ€™ and â€˜[01m[Kbool (mavros::std_plugins::SpeedControlPlugin::*)(int)[m[Kâ€™
   31 |   send_service = speed_control_nh.advertiseService("send", &SpeedControlPlugin::send_cb, this[01;36m[K)[m[K;
      |                                                                                              [01;36m[K^[m[K
In file included from [01m[K/opt/ros/noetic/include/diagnostic_updater/diagnostic_updater.h:42[m[K,
                 from [01m[K/home/szf/ROS/catkin_ws_3/src/mavros/mavros/include/mavros/mavros_plugin.h:23[m[K,
                 from [01m[K/home/szf/ROS/catkin_ws_3/src/mavros/mavros/src/plugins/speed_control.cpp:9[m[K:
[01m[K/opt/ros/noetic/include/ros/node_handle.h:1190:17:[m[K [01;36m[Knote: [m[Kcandidate: â€˜[01m[Ktemplate<class S> ros::ServiceServer ros::NodeHandle::advertiseService(const string&, const boost::function<bool(S&)>&, const VoidConstPtr&)[m[Kâ€™
 1190 |   ServiceServer [01;36m[KadvertiseService[m[K(const std::string& service, const boost::function<bool(S&)>& callback,
      |                 [01;36m[K^~~~~~~~~~~~~~~~[m[K
[01m[K/opt/ros/noetic/include/ros/node_handle.h:1190:17:[m[K [01;36m[Knote: [m[K  template argument deduction/substitution failed:
[01m[K/home/szf/ROS/catkin_ws_3/src/mavros/mavros/src/plugins/speed_control.cpp:31:94:[m[K [01;36m[Knote: [m[K  mismatched types â€˜[01m[Kconst boost::function<bool(S&)>[m[Kâ€™ and â€˜[01m[Kbool (mavros::std_plugins::SpeedControlPlugin::*)(int)[m[Kâ€™
   31 |   send_service = speed_control_nh.advertiseService("send", &SpeedControlPlugin::send_cb, this[01;36m[K)[m[K;
      |                                                                                              [01;36m[K^[m[K
In file included from [01m[K/opt/ros/noetic/include/diagnostic_updater/diagnostic_updater.h:42[m[K,
                 from [01m[K/home/szf/ROS/catkin_ws_3/src/mavros/mavros/include/mavros/mavros_plugin.h:23[m[K,
                 from [01m[K/home/szf/ROS/catkin_ws_3/src/mavros/mavros/src/plugins/speed_control.cpp:9[m[K:
[01m[K/opt/ros/noetic/include/ros/node_handle.h:1222:17:[m[K [01;36m[Knote: [m[Kcandidate: â€˜[01m[Kros::ServiceServer ros::NodeHandle::advertiseService(ros::AdvertiseServiceOptions&)[m[Kâ€™
 1222 |   ServiceServer [01;36m[KadvertiseService[m[K(AdvertiseServiceOptions& ops);
      |                 [01;36m[K^~~~~~~~~~~~~~~~[m[K
[01m[K/opt/ros/noetic/include/ros/node_handle.h:1222:17:[m[K [01;36m[Knote: [m[K  candidate expects 1 argument, 3 provided
[01m[K/home/szf/ROS/catkin_ws_3/src/mavros/mavros/src/plugins/speed_control.cpp:[m[K In member function â€˜[01m[Kvoid mavros::std_plugins::SpeedControlPlugin::handle_speed_control(const mavlink_message_t*, mavlink::common::msg::SPEED_CONTROL_STATUS&)[m[Kâ€™:
[01m[K/home/szf/ROS/catkin_ws_3/src/mavros/mavros/src/plugins/speed_control.cpp:59:60:[m[K [01;31m[Kerror: [m[Kâ€˜[01m[KSpeedControlStatus[m[Kâ€™ is not a member of â€˜[01m[Kmavros_msgs[m[Kâ€™
   59 |   auto speed_control_msg = boost::make_shared<mavros_msgs::[01;31m[KSpeedControlStatus[m[K>();
      |                                                            [01;31m[K^~~~~~~~~~~~~~~~~~[m[K
[01m[K/home/szf/ROS/catkin_ws_3/src/mavros/mavros/src/plugins/speed_control.cpp:59:60:[m[K [01;31m[Kerror: [m[Kâ€˜[01m[KSpeedControlStatus[m[Kâ€™ is not a member of â€˜[01m[Kmavros_msgs[m[Kâ€™
[01m[K/home/szf/ROS/catkin_ws_3/src/mavros/mavros/src/plugins/speed_control.cpp:59:80:[m[K [01;31m[Kerror: [m[Kno matching function for call to â€˜[01m[Kmake_shared<<expression error> >()[m[Kâ€™
   59 |   auto speed_control_msg = boost::make_shared<mavros_msgs::SpeedControlStatus>([01;31m[K)[m[K;
      |                                                                                [01;31m[K^[m[K
In file included from [01m[K/usr/include/boost/smart_ptr/make_shared.hpp:14[m[K,
                 from [01m[K/usr/include/boost/make_shared.hpp:14[m[K,
                 from [01m[K/opt/ros/noetic/include/ros/forwards.h:38[m[K,
                 from [01m[K/opt/ros/noetic/include/ros/node_handle.h:31[m[K,
                 from [01m[K/opt/ros/noetic/include/diagnostic_updater/diagnostic_updater.h:42[m[K,
                 from [01m[K/home/szf/ROS/catkin_ws_3/src/mavros/mavros/include/mavros/mavros_plugin.h:23[m[K,
                 from [01m[K/home/szf/ROS/catkin_ws_3/src/mavros/mavros/src/plugins/speed_control.cpp:9[m[K:
[01m[K/usr/include/boost/smart_ptr/make_shared_object.hpp:248:87:[m[K [01;36m[Knote: [m[Kcandidate: â€˜[01m[Ktemplate<class T, class ... Args> typename boost::detail::sp_if_not_array<T>::type boost::make_shared(Args&& ...)[m[Kâ€™
  248 | template< class T, class... Args > typename boost::detail::sp_if_not_array< T >::type [01;36m[Kmake_shared[m[K( Args && ... args )
      |                                                                                       [01;36m[K^~~~~~~~~~~[m[K
[01m[K/usr/include/boost/smart_ptr/make_shared_object.hpp:248:87:[m[K [01;36m[Knote: [m[K  template argument deduction/substitution failed:
[01m[K/home/szf/ROS/catkin_ws_3/src/mavros/mavros/src/plugins/speed_control.cpp:59:80:[m[K [01;31m[Kerror: [m[Ktemplate argument 1 is invalid
   59 |   auto speed_control_msg = boost::make_shared<mavros_msgs::SpeedControlStatus>([01;31m[K)[m[K;
      |                                                                                [01;31m[K^[m[K
In file included from [01m[K/usr/include/boost/smart_ptr/make_shared.hpp:17[m[K,
                 from [01m[K/usr/include/boost/make_shared.hpp:14[m[K,
                 from [01m[K/opt/ros/noetic/include/ros/forwards.h:38[m[K,
                 from [01m[K/opt/ros/noetic/include/ros/node_handle.h:31[m[K,
                 from [01m[K/opt/ros/noetic/include/diagnostic_updater/diagnostic_updater.h:42[m[K,
                 from [01m[K/home/szf/ROS/catkin_ws_3/src/mavros/mavros/include/mavros/mavros_plugin.h:23[m[K,
                 from [01m[K/home/szf/ROS/catkin_ws_3/src/mavros/mavros/src/plugins/speed_control.cpp:9[m[K:
[01m[K/usr/include/boost/smart_ptr/make_shared_array.hpp:18:1:[m[K [01;36m[Knote: [m[Kcandidate: â€˜[01m[Ktemplate<class T> typename boost::enable_if_<boost::is_bounded_array<T>::value, boost::shared_ptr<X> >::type boost::make_shared()[m[Kâ€™
   18 | [01;36m[Kmake_shared[m[K()
      | [01;36m[K^~~~~~~~~~~[m[K
[01m[K/usr/include/boost/smart_ptr/make_shared_array.hpp:18:1:[m[K [01;36m[Knote: [m[K  template argument deduction/substitution failed:
[01m[K/home/szf/ROS/catkin_ws_3/src/mavros/mavros/src/plugins/speed_control.cpp:59:80:[m[K [01;31m[Kerror: [m[Ktemplate argument 1 is invalid
   59 |   auto speed_control_msg = boost::make_shared<mavros_msgs::SpeedControlStatus>([01;31m[K)[m[K;
      |                                                                                [01;31m[K^[m[K
In file included from [01m[K/usr/include/boost/smart_ptr/make_shared.hpp:17[m[K,
                 from [01m[K/usr/include/boost/make_shared.hpp:14[m[K,
                 from [01m[K/opt/ros/noetic/include/ros/forwards.h:38[m[K,
                 from [01m[K/opt/ros/noetic/include/ros/node_handle.h:31[m[K,
                 from [01m[K/opt/ros/noetic/include/diagnostic_updater/diagnostic_updater.h:42[m[K,
                 from [01m[K/home/szf/ROS/catkin_ws_3/src/mavros/mavros/include/mavros/mavros_plugin.h:23[m[K,
                 from [01m[K/home/szf/ROS/catkin_ws_3/src/mavros/mavros/src/plugins/speed_control.cpp:9[m[K:
[01m[K/usr/include/boost/smart_ptr/make_shared_array.hpp:26:1:[m[K [01;36m[Knote: [m[Kcandidate: â€˜[01m[Ktemplate<class T> typename boost::enable_if_<boost::is_bounded_array<T>::value, boost::shared_ptr<X> >::type boost::make_shared(const typename boost::remove_extent<T>::type&)[m[Kâ€™
   26 | [01;36m[Kmake_shared[m[K(const typename remove_extent<T>::type& value)
      | [01;36m[K^~~~~~~~~~~[m[K
[01m[K/usr/include/boost/smart_ptr/make_shared_array.hpp:26:1:[m[K [01;36m[Knote: [m[K  template argument deduction/substitution failed:
[01m[K/home/szf/ROS/catkin_ws_3/src/mavros/mavros/src/plugins/speed_control.cpp:59:80:[m[K [01;31m[Kerror: [m[Ktemplate argument 1 is invalid
   59 |   auto speed_control_msg = boost::make_shared<mavros_msgs::SpeedControlStatus>([01;31m[K)[m[K;
      |                                                                                [01;31m[K^[m[K
In file included from [01m[K/usr/include/boost/smart_ptr/make_shared.hpp:17[m[K,
                 from [01m[K/usr/include/boost/make_shared.hpp:14[m[K,
                 from [01m[K/opt/ros/noetic/include/ros/forwards.h:38[m[K,
                 from [01m[K/opt/ros/noetic/include/ros/node_handle.h:31[m[K,
                 from [01m[K/opt/ros/noetic/include/diagnostic_updater/diagnostic_updater.h:42[m[K,
                 from [01m[K/home/szf/ROS/catkin_ws_3/src/mavros/mavros/include/mavros/mavros_plugin.h:23[m[K,
                 from [01m[K/home/szf/ROS/catkin_ws_3/src/mavros/mavros/src/plugins/speed_control.cpp:9[m[K:
[01m[K/usr/include/boost/smart_ptr/make_shared_array.hpp:34:1:[m[K [01;36m[Knote: [m[Kcandidate: â€˜[01m[Ktemplate<class T> typename boost::enable_if_<boost::is_unbounded_array<T>::value, boost::shared_ptr<X> >::type boost::make_shared(std::size_t)[m[Kâ€™
   34 | [01;36m[Kmake_shared[m[K(std::size_t size)
      | [01;36m[K^~~~~~~~~~~[m[K
[01m[K/usr/include/boost/smart_ptr/make_shared_array.hpp:34:1:[m[K [01;36m[Knote: [m[K  template argument deduction/substitution failed:
[01m[K/home/szf/ROS/catkin_ws_3/src/mavros/mavros/src/plugins/speed_control.cpp:59:80:[m[K [01;31m[Kerror: [m[Ktemplate argument 1 is invalid
   59 |   auto speed_control_msg = boost::make_shared<mavros_msgs::SpeedControlStatus>([01;31m[K)[m[K;
      |                                                                                [01;31m[K^[m[K
In file included from [01m[K/usr/include/boost/smart_ptr/make_shared.hpp:17[m[K,
                 from [01m[K/usr/include/boost/make_shared.hpp:14[m[K,
                 from [01m[K/opt/ros/noetic/include/ros/forwards.h:38[m[K,
                 from [01m[K/opt/ros/noetic/include/ros/node_handle.h:31[m[K,
                 from [01m[K/opt/ros/noetic/include/diagnostic_updater/diagnostic_updater.h:42[m[K,
                 from [01m[K/home/szf/ROS/catkin_ws_3/src/mavros/mavros/include/mavros/mavros_plugin.h:23[m[K,
                 from [01m[K/home/szf/ROS/catkin_ws_3/src/mavros/mavros/src/plugins/speed_control.cpp:9[m[K:
[01m[K/usr/include/boost/smart_ptr/make_shared_array.hpp:42:1:[m[K [01;36m[Knote: [m[Kcandidate: â€˜[01m[Ktemplate<class T> typename boost::enable_if_<boost::is_unbounded_array<T>::value, boost::shared_ptr<X> >::type boost::make_shared(std::size_t, const typename boost::remove_extent<T>::type&)[m[Kâ€™
   42 | [01;36m[Kmake_shared[m[K(std::size_t size, const typename remove_extent<T>::type& value)
      | [01;36m[K^~~~~~~~~~~[m[K
[01m[K/usr/include/boost/smart_ptr/make_shared_array.hpp:42:1:[m[K [01;36m[Knote: [m[K  template argument deduction/substitution failed:
[01m[K/home/szf/ROS/catkin_ws_3/src/mavros/mavros/src/plugins/speed_control.cpp:59:80:[m[K [01;31m[Kerror: [m[Ktemplate argument 1 is invalid
   59 |   auto speed_control_msg = boost::make_shared<mavros_msgs::SpeedControlStatus>([01;31m[K)[m[K;
      |                                                                                [01;31m[K^[m[K
[01m[K/home/szf/ROS/catkin_ws_3/src/mavros/mavros/src/plugins/speed_control.cpp:[m[K In member function â€˜[01m[Kbool mavros::std_plugins::SpeedControlPlugin::send_cb(int)[m[Kâ€™:
[01m[K/home/szf/ROS/catkin_ws_3/src/mavros/mavros/src/plugins/speed_control.cpp:77:16:[m[K [01;31m[Kerror: [m[Kâ€˜[01m[Kreq[m[Kâ€™ was not declared in this scope
   77 |   msg.vx_set = [01;31m[Kreq[m[K.vx_set;
      |                [01;31m[K^~~[m[K
[01m[K/home/szf/ROS/catkin_ws_3/src/mavros/mavros/src/plugins/speed_control.cpp:81:3:[m[K [01;31m[Kerror: [m[Kâ€˜[01m[Kresponce[m[Kâ€™ was not declared in this scope
   81 |   [01;31m[Kresponce[m[K.send_success = true;
      |   [01;31m[K^~~~~~~~[m[K
[01m[K/home/szf/ROS/catkin_ws_3/src/mavros/mavros/src/plugins/speed_control.cpp:83:47:[m[K [01;31m[Kerror: [m[Kno matching function for call to â€˜[01m[Kmavconn::MAVConnInterface::send_message_ignore_drop(mavlink_speed_control_set_t&)[m[Kâ€™
   83 |   UAS_FCU(m_uas)->send_message_ignore_drop(msg[01;31m[K)[m[K;
      |                                               [01;31m[K^[m[K
In file included from [01m[K/home/szf/ROS/catkin_ws_3/src/mavros/mavros/include/mavros/mavros_plugin.h:24[m[K,
                 from [01m[K/home/szf/ROS/catkin_ws_3/src/mavros/mavros/src/plugins/speed_control.cpp:9[m[K:
[01m[K/home/szf/ROS/catkin_ws_3/src/mavros/libmavconn/include/mavconn/interface.h:180:7:[m[K [01;36m[Knote: [m[Kcandidate: â€˜[01m[Kvoid mavconn::MAVConnInterface::send_message_ignore_drop(const mavlink_message_t*)[m[Kâ€™
  180 |  void [01;36m[Ksend_message_ignore_drop[m[K(const mavlink::mavlink_message_t *message);
      |       [01;36m[K^~~~~~~~~~~~~~~~~~~~~~~~[m[K
[01m[K/home/szf/ROS/catkin_ws_3/src/mavros/libmavconn/include/mavconn/interface.h:180:66:[m[K [01;36m[Knote: [m[K  no known conversion for argument 1 from â€˜[01m[Kmavlink_speed_control_set_t[m[Kâ€™ {aka â€˜[01m[K__mavlink_speed_control_set_t[m[Kâ€™} to â€˜[01m[Kconst mavlink_message_t*[m[Kâ€™ {aka â€˜[01m[Kconst mavlink::__mavlink_message*[m[Kâ€™}
  180 |  void send_message_ignore_drop([01;36m[Kconst mavlink::mavlink_message_t *message[m[K);
      |                                [01;36m[K~~~~~~~~~~~~~~~~~~~~~~~~~~~~~~~~~~^~~~~~~[m[K
[01m[K/home/szf/ROS/catkin_ws_3/src/mavros/libmavconn/include/mavconn/interface.h:187:7:[m[K [01;36m[Knote: [m[Kcandidate: â€˜[01m[Kvoid mavconn::MAVConnInterface::send_message_ignore_drop(const mavlink::Message&)[m[Kâ€™
  187 |  void [01;36m[Ksend_message_ignore_drop[m[K(const mavlink::Message &message) {
      |       [01;36m[K^~~~~~~~~~~~~~~~~~~~~~~~[m[K
[01m[K/home/szf/ROS/catkin_ws_3/src/mavros/libmavconn/include/mavconn/interface.h:187:56:[m[K [01;36m[Knote: [m[K  no known conversion for argument 1 from â€˜[01m[Kmavlink_speed_control_set_t[m[Kâ€™ {aka â€˜[01m[K__mavlink_speed_control_set_t[m[Kâ€™} to â€˜[01m[Kconst mavlink::Message&[m[Kâ€™
  187 |  void send_message_ignore_drop([01;36m[Kconst mavlink::Message &message[m[K) {
      |                                [01;36m[K~~~~~~~~~~~~~~~~~~~~~~~~^~~~~~~[m[K
[01m[K/home/szf/ROS/catkin_ws_3/src/mavros/libmavconn/include/mavconn/interface.h:197:7:[m[K [01;36m[Knote: [m[Kcandidate: â€˜[01m[Kvoid mavconn::MAVConnInterface::send_message_ignore_drop(const mavlink::Message&, uint8_t)[m[Kâ€™
  197 |  void [01;36m[Ksend_message_ignore_drop[m[K(const mavlink::Message &message, const uint8_t src_compid);
      |       [01;36m[K^~~~~~~~~~~~~~~~~~~~~~~~[m[K
[01m[K/home/szf/ROS/catkin_ws_3/src/mavros/libmavconn/include/mavconn/interface.h:197:7:[m[K [01;36m[Knote: [m[K  candidate expects 2 arguments, 1 provided
make[2]: *** [CMakeFiles/mavros_plugins.dir/build.make:453ï¼šCMakeFiles/mavros_plugins.dir/src/plugins/speed_control.cpp.o] é”™è¯¯ 1
make[1]: *** [CMakeFiles/Makefile2:543ï¼šCMakeFiles/mavros_plugins.dir/all] é”™è¯¯ 2
make: *** [Makefile:141ï¼šall] é”™è¯¯ 2
