[01m[K/home/szf/ROS/catkin_ws_3/src/mavros/mavros/src/SpeedControlSet_pub.cpp:[m[K In function â€˜[01m[Kint main(int, char**)[m[Kâ€™:
[01m[K/home/szf/ROS/catkin_ws_3/src/mavros/mavros/src/SpeedControlSet_pub.cpp:15:9:[m[K [01;31m[Kerror: [m[Kâ€˜[01m[Kmavros_msgs::SpeedControlSet_sub[m[Kâ€™ {aka â€˜[01m[Kstruct mavros_msgs::SpeedControlSet_sub_<std::allocator<void> >[m[Kâ€™} has no member named â€˜[01m[Kvw_set_pub[m[Kâ€™; did you mean â€˜[01m[Kvw_set_sub[m[Kâ€™?
   15 |     pub.[01;31m[Kvw_set_pub[m[K = 500;
      |         [01;31m[K^~~~~~~~~~[m[K
      |         [32m[Kvw_set_sub[m[K
[01m[K/home/szf/ROS/catkin_ws_3/src/mavros/mavros/src/SpeedControlSet_pub.cpp:16:9:[m[K [01;31m[Kerror: [m[Kâ€˜[01m[Kmavros_msgs::SpeedControlSet_sub[m[Kâ€™ {aka â€˜[01m[Kstruct mavros_msgs::SpeedControlSet_sub_<std::allocator<void> >[m[Kâ€™} has no member named â€˜[01m[Kvx_set_pub[m[Kâ€™; did you mean â€˜[01m[Kvx_set_sub[m[Kâ€™?
   16 |     pub.[01;31m[Kvx_set_pub[m[K = 0;
      |         [01;31m[K^~~~~~~~~~[m[K
      |         [32m[Kvx_set_sub[m[K
[01m[K/home/szf/ROS/catkin_ws_3/src/mavros/mavros/src/SpeedControlSet_pub.cpp:17:9:[m[K [01;31m[Kerror: [m[Kâ€˜[01m[Kmavros_msgs::SpeedControlSet_sub[m[Kâ€™ {aka â€˜[01m[Kstruct mavros_msgs::SpeedControlSet_sub_<std::allocator<void> >[m[Kâ€™} has no member named â€˜[01m[Kvy_set_pub[m[Kâ€™; did you mean â€˜[01m[Kvy_set_sub[m[Kâ€™?
   17 |     pub.[01;31m[Kvy_set_pub[m[K = 0;
      |         [01;31m[K^~~~~~~~~~[m[K
      |         [32m[Kvy_set_sub[m[K
make[2]: *** [CMakeFiles/SpeedControlSet_pub.dir/build.make:63ï¼šCMakeFiles/SpeedControlSet_pub.dir/src/SpeedControlSet_pub.cpp.o] é”™è¯¯ 1
make[1]: *** [CMakeFiles/Makefile2:528ï¼šCMakeFiles/SpeedControlSet_pub.dir/all] é”™è¯¯ 2
make[1]: *** æ­£åœ¨ç­‰å¾…æœªå®Œæˆçš„ä»»åŠ¡....
[01m[K/home/szf/ROS/catkin_ws_3/src/mavros/mavros/src/plugins/speed_control.cpp:[m[K In member function â€˜[01m[Kvirtual void mavros::std_plugins::SpeedControlPlugin::initialize(mavros::UAS&)[m[Kâ€™:
[01m[K/home/szf/ROS/catkin_ws_3/src/mavros/mavros/src/plugins/speed_control.cpp:31:92:[m[K [01;31m[Kerror: [m[Kinvalid use of non-static member function â€˜[01m[Kvoid mavros::std_plugins::SpeedControlPlugin::send_callback(const ConstPtr&)[m[Kâ€™
   31 |   send_subscriber = speed_control_nh.subscribe<mavros_msgs::SpeedControlSet_sub>("send",10,[01;31m[Ksend_callback[m[K);
      |                                                                                            [01;31m[K^~~~~~~~~~~~~[m[K
[01m[K/home/szf/ROS/catkin_ws_3/src/mavros/mavros/src/plugins/speed_control.cpp:80:7:[m[K [01;36m[Knote: [m[Kdeclared here
   80 |  void [01;36m[Ksend_callback[m[K(const mavros_msgs::SpeedControlSet_sub::ConstPtr& speed_p)
      |       [01;36m[K^~~~~~~~~~~~~[m[K
make[2]: *** [CMakeFiles/mavros_plugins.dir/build.make:453ï¼šCMakeFiles/mavros_plugins.dir/src/plugins/speed_control.cpp.o] é”™è¯¯ 1
make[2]: *** æ­£åœ¨ç­‰å¾…æœªå®Œæˆçš„ä»»åŠ¡....
make[1]: *** [CMakeFiles/Makefile2:555ï¼šCMakeFiles/mavros_plugins.dir/all] é”™è¯¯ 2
make: *** [Makefile:141ï¼šall] é”™è¯¯ 2
