[01m[K/home/szf/ROS/catkin_ws_3/src/mavros/mavros/src/t3_nav_node.cpp:5:10:[m[K [01;31m[Kfatal error: [m[Kcommon_include.h: æ²¡æœ‰é‚£ä¸ªæ–‡ä»¶æˆ–ç›®å½•
    5 | #include [01;31m[K"common_include.h"[m[K
      |          [01;31m[K^~~~~~~~~~~~~~~~~~[m[K
compilation terminated.
make[2]: *** [CMakeFiles/t3_nav_node.dir/build.make:63ï¼šCMakeFiles/t3_nav_node.dir/src/t3_nav_node.cpp.o] é”™è¯¯ 1
make[1]: *** [CMakeFiles/Makefile2:2228ï¼šCMakeFiles/t3_nav_node.dir/all] é”™è¯¯ 2
make[1]: *** æ­£åœ¨ç­‰å¾…æœªå®Œæˆçš„ä»»åŠ¡....
make: *** [Makefile:141ï¼šall] é”™è¯¯ 2
