[01m[K/home/szf/ROS/catkin_ws_3/src/mavros/mavros/src/SpeedControlSet_pub.cpp:[m[K In function â€˜[01m[Kint main(int, char**)[m[Kâ€™:
[01m[K/home/szf/ROS/catkin_ws_3/src/mavros/mavros/src/SpeedControlSet_pub.cpp:93:5:[m[K [01;31m[Kerror: [m[Kâ€˜[01m[KShowPath_ref[m[Kâ€™ was not declared in this scope
   93 |     [01;31m[KShowPath_ref[m[K;
      |     [01;31m[K^~~~~~~~~~~~[m[K
make[2]: *** [CMakeFiles/SpeedControlSet_pub.dir/build.make:63ï¼šCMakeFiles/SpeedControlSet_pub.dir/src/SpeedControlSet_pub.cpp.o] é”™è¯¯ 1
make[1]: *** [CMakeFiles/Makefile2:530ï¼šCMakeFiles/SpeedControlSet_pub.dir/all] é”™è¯¯ 2
make: *** [Makefile:141ï¼šall] é”™è¯¯ 2
