[01m[K/home/szf/ROS/catkin_ws_3/src/mavros/mavros/src/plugins/speed_control.cpp:[m[K In member function â€˜[01m[Kvirtual void mavros::std_plugins::SpeedControlPlugin::initialize(mavros::UAS&)[m[Kâ€™:
[01m[K/home/szf/ROS/catkin_ws_3/src/mavros/mavros/src/plugins/speed_control.cpp:32:52:[m[K [01;31m[Kerror: [m[Kâ€˜[01m[Kthrust_scaling[m[Kâ€™ was not declared in this scope
   32 |   if (!speed_control_nh.getParam("thrust_scaling", [01;31m[Kthrust_scaling[m[K))
      |                                                    [01;31m[K^~~~~~~~~~~~~~[m[K
make[2]: *** [CMakeFiles/mavros_plugins.dir/build.make:453ï¼šCMakeFiles/mavros_plugins.dir/src/plugins/speed_control.cpp.o] é”™è¯¯ 1
make[1]: *** [CMakeFiles/Makefile2:543ï¼šCMakeFiles/mavros_plugins.dir/all] é”™è¯¯ 2
make: *** [Makefile:141ï¼šall] é”™è¯¯ 2
