[01m[K/home/szf/ROS/catkin_ws_3/src/mavros/mavros/src/SpeedControlSet_pub.cpp:28:9:[m[K [01;31m[Kfatal error: [m[Krobot.h: æ²¡æœ‰é‚£ä¸ªæ–‡ä»¶æˆ–ç›®å½•
   28 | #include[01;31m[K<robot.h>[m[K
      |         [01;31m[K^~~~~~~~~[m[K
compilation terminated.
make[2]: *** [CMakeFiles/SpeedControlSet_pub.dir/build.make:63ï¼šCMakeFiles/SpeedControlSet_pub.dir/src/SpeedControlSet_pub.cpp.o] é”™è¯¯ 1
make[1]: *** [CMakeFiles/Makefile2:535ï¼šCMakeFiles/SpeedControlSet_pub.dir/all] é”™è¯¯ 2
make: *** [Makefile:141ï¼šall] é”™è¯¯ 2
