[01m[K/home/szf/ROS/catkin_ws_3/src/mavros/mavros/src/SpeedControlSet_pub.cpp:[m[K In function â€˜[01m[Kint main(int, char**)[m[Kâ€™:
[01m[K/home/szf/ROS/catkin_ws_3/src/mavros/mavros/src/SpeedControlSet_pub.cpp:245:58:[m[K [01;31m[Kerror: [m[Kâ€˜[01m[KPoseWithCovarianceStamped[m[Kâ€™ is not a member of â€˜[01m[Kgeometry_msgs[m[Kâ€™; did you mean â€˜[01m[KPoseWithCovariancePtr[m[Kâ€™?
  245 |     path_ekf = speed_control_nh.advertise<geometry_msgs::[01;31m[KPoseWithCovarianceStamped[m[K>("robot_pose_ekf/odom_combined",10,efk_Callback);
      |                                                          [01;31m[K^~~~~~~~~~~~~~~~~~~~~~~~~[m[K
      |                                                          [32m[KPoseWithCovariancePtr[m[K
[01m[K/home/szf/ROS/catkin_ws_3/src/mavros/mavros/src/SpeedControlSet_pub.cpp:245:58:[m[K [01;31m[Kerror: [m[Kâ€˜[01m[KPoseWithCovarianceStamped[m[Kâ€™ is not a member of â€˜[01m[Kgeometry_msgs[m[Kâ€™; did you mean â€˜[01m[KPoseWithCovariancePtr[m[Kâ€™?
  245 |     path_ekf = speed_control_nh.advertise<geometry_msgs::[01;31m[KPoseWithCovarianceStamped[m[K>("robot_pose_ekf/odom_combined",10,efk_Callback);
      |                                                          [01;31m[K^~~~~~~~~~~~~~~~~~~~~~~~~[m[K
      |                                                          [32m[KPoseWithCovariancePtr[m[K
[01m[K/home/szf/ROS/catkin_ws_3/src/mavros/mavros/src/SpeedControlSet_pub.cpp:245:131:[m[K [01;31m[Kerror: [m[Kno matching function for call to â€˜[01m[Kros::NodeHandle::advertise<<expression error> >(const char [29], int, void (&)(const ConstPtr&))[m[Kâ€™
  245 |     path_ekf = speed_control_nh.advertise<geometry_msgs::PoseWithCovarianceStamped>("robot_pose_ekf/odom_combined",10,efk_Callback[01;31m[K)[m[K;
      |                                                                                                                                   [01;31m[K^[m[K
In file included from [01m[K/opt/ros/noetic/include/ros/ros.h:45[m[K,
                 from [01m[K/home/szf/ROS/catkin_ws_3/src/mavros/mavros/src/SpeedControlSet_pub.cpp:9[m[K:
[01m[K/opt/ros/noetic/include/ros/node_handle.h:249:15:[m[K [01;36m[Knote: [m[Kcandidate: â€˜[01m[Ktemplate<class M> ros::Publisher ros::NodeHandle::advertise(const string&, uint32_t, bool)[m[Kâ€™
  249 |     Publisher [01;36m[Kadvertise[m[K(const std::string& topic, uint32_t queue_size, bool latch = false)
      |               [01;36m[K^~~~~~~~~[m[K
[01m[K/opt/ros/noetic/include/ros/node_handle.h:249:15:[m[K [01;36m[Knote: [m[K  template argument deduction/substitution failed:
[01m[K/home/szf/ROS/catkin_ws_3/src/mavros/mavros/src/SpeedControlSet_pub.cpp:245:131:[m[K [01;31m[Kerror: [m[Ktemplate argument 1 is invalid
  245 |     path_ekf = speed_control_nh.advertise<geometry_msgs::PoseWithCovarianceStamped>("robot_pose_ekf/odom_combined",10,efk_Callback[01;31m[K)[m[K;
      |                                                                                                                                   [01;31m[K^[m[K
In file included from [01m[K/opt/ros/noetic/include/ros/ros.h:45[m[K,
                 from [01m[K/home/szf/ROS/catkin_ws_3/src/mavros/mavros/src/SpeedControlSet_pub.cpp:9[m[K:
[01m[K/opt/ros/noetic/include/ros/node_handle.h:315:13:[m[K [01;36m[Knote: [m[Kcandidate: â€˜[01m[Ktemplate<class M> ros::Publisher ros::NodeHandle::advertise(const string&, uint32_t, const SubscriberStatusCallback&, const SubscriberStatusCallback&, const VoidConstPtr&, bool)[m[Kâ€™
  315 |   Publisher [01;36m[Kadvertise[m[K(const std::string& topic, uint32_t queue_size,
      |             [01;36m[K^~~~~~~~~[m[K
[01m[K/opt/ros/noetic/include/ros/node_handle.h:315:13:[m[K [01;36m[Knote: [m[K  template argument deduction/substitution failed:
[01m[K/home/szf/ROS/catkin_ws_3/src/mavros/mavros/src/SpeedControlSet_pub.cpp:245:131:[m[K [01;31m[Kerror: [m[Ktemplate argument 1 is invalid
  245 |     path_ekf = speed_control_nh.advertise<geometry_msgs::PoseWithCovarianceStamped>("robot_pose_ekf/odom_combined",10,efk_Callback[01;31m[K)[m[K;
      |                                                                                                                                   [01;31m[K^[m[K
make[2]: *** [CMakeFiles/SpeedControlSet_pub.dir/build.make:63ï¼šCMakeFiles/SpeedControlSet_pub.dir/src/SpeedControlSet_pub.cpp.o] é”™è¯¯ 1
make[1]: *** [CMakeFiles/Makefile2:530ï¼šCMakeFiles/SpeedControlSet_pub.dir/all] é”™è¯¯ 2
make: *** [Makefile:141ï¼šall] é”™è¯¯ 2
