[01m[K/home/szf/ROS/catkin_ws_3/src/mavros/mavros/src/plugins/speed_control.cpp:[m[K In member function ‚Äò[01m[Kvirtual void mavros::std_plugins::SpeedControlPlugin::initialize(mavros::UAS&)[m[K‚Äô:
[01m[K/home/szf/ROS/catkin_ws_3/src/mavros/mavros/src/plugins/speed_control.cpp:32:59:[m[K [01;31m[Kerror: [m[K‚Äò[01m[KPosture[m[K‚Äô is not a member of ‚Äò[01m[Kmavros_msgs[m[K‚Äô
   32 |   pos_publisher = speed_control_nh.advertise<mavros_msgs::[01;31m[KPosture[m[K>("posture",10);
      |                                                           [01;31m[K^~~~~~~[m[K
[01m[K/home/szf/ROS/catkin_ws_3/src/mavros/mavros/src/plugins/speed_control.cpp:32:59:[m[K [01;31m[Kerror: [m[K‚Äò[01m[KPosture[m[K‚Äô is not a member of ‚Äò[01m[Kmavros_msgs[m[K‚Äô
[01m[K/home/szf/ROS/catkin_ws_3/src/mavros/mavros/src/plugins/speed_control.cpp:32:80:[m[K [01;31m[Kerror: [m[Kno matching function for call to ‚Äò[01m[Kros::NodeHandle::advertise<<expression error> >(const char [8], int)[m[K‚Äô
   32 |   pos_publisher = speed_control_nh.advertise<mavros_msgs::Posture>("posture",10[01;31m[K)[m[K;
      |                                                                                [01;31m[K^[m[K
In file included from [01m[K/opt/ros/noetic/include/diagnostic_updater/diagnostic_updater.h:42[m[K,
                 from [01m[K/home/szf/ROS/catkin_ws_3/src/mavros/mavros/include/mavros/mavros_plugin.h:23[m[K,
                 from [01m[K/home/szf/ROS/catkin_ws_3/src/mavros/mavros/src/plugins/speed_control.cpp:9[m[K:
[01m[K/opt/ros/noetic/include/ros/node_handle.h:249:15:[m[K [01;36m[Knote: [m[Kcandidate: ‚Äò[01m[Ktemplate<class M> ros::Publisher ros::NodeHandle::advertise(const string&, uint32_t, bool)[m[K‚Äô
  249 |     Publisher [01;36m[Kadvertise[m[K(const std::string& topic, uint32_t queue_size, bool latch = false)
      |               [01;36m[K^~~~~~~~~[m[K
[01m[K/opt/ros/noetic/include/ros/node_handle.h:249:15:[m[K [01;36m[Knote: [m[K  template argument deduction/substitution failed:
[01m[K/home/szf/ROS/catkin_ws_3/src/mavros/mavros/src/plugins/speed_control.cpp:32:80:[m[K [01;31m[Kerror: [m[Ktemplate argument 1 is invalid
   32 |   pos_publisher = speed_control_nh.advertise<mavros_msgs::Posture>("posture",10[01;31m[K)[m[K;
      |                                                                                [01;31m[K^[m[K
In file included from [01m[K/opt/ros/noetic/include/diagnostic_updater/diagnostic_updater.h:42[m[K,
                 from [01m[K/home/szf/ROS/catkin_ws_3/src/mavros/mavros/include/mavros/mavros_plugin.h:23[m[K,
                 from [01m[K/home/szf/ROS/catkin_ws_3/src/mavros/mavros/src/plugins/speed_control.cpp:9[m[K:
[01m[K/opt/ros/noetic/include/ros/node_handle.h:315:13:[m[K [01;36m[Knote: [m[Kcandidate: ‚Äò[01m[Ktemplate<class M> ros::Publisher ros::NodeHandle::advertise(const string&, uint32_t, const SubscriberStatusCallback&, const SubscriberStatusCallback&, const VoidConstPtr&, bool)[m[K‚Äô
  315 |   Publisher [01;36m[Kadvertise[m[K(const std::string& topic, uint32_t queue_size,
      |             [01;36m[K^~~~~~~~~[m[K
[01m[K/opt/ros/noetic/include/ros/node_handle.h:315:13:[m[K [01;36m[Knote: [m[K  template argument deduction/substitution failed:
[01m[K/home/szf/ROS/catkin_ws_3/src/mavros/mavros/src/plugins/speed_control.cpp:32:80:[m[K [01;31m[Kerror: [m[Ktemplate argument 1 is invalid
   32 |   pos_publisher = speed_control_nh.advertise<mavros_msgs::Posture>("posture",10[01;31m[K)[m[K;
      |                                                                                [01;31m[K^[m[K
[01m[K/home/szf/ROS/catkin_ws_3/src/mavros/mavros/src/plugins/speed_control.cpp:[m[K In member function ‚Äò[01m[Kvirtual mavros::plugin::PluginBase::Subscriptions mavros::std_plugins::SpeedControlPlugin::get_subscriptions()[m[K‚Äô:
[01m[K/home/szf/ROS/catkin_ws_3/src/mavros/mavros/src/plugins/speed_control.cpp:45:58:[m[K [01;31m[Kerror: [m[Kno matching function for call to ‚Äò[01m[Kmavros::std_plugins::SpeedControlPlugin::make_handler(void (mavros::std_plugins::SpeedControlPlugin::*)(const mavlink_message_t*, mavlink::common::msg::SPEED_CONTROL_STATUS&, mavlink::common::msg::POSTURE&))[m[K‚Äô
   45 |    make_handler(&SpeedControlPlugin::handle_speed_control[01;31m[K)[m[K,
      |                                                          [01;31m[K^[m[K
In file included from [01m[K/home/szf/ROS/catkin_ws_3/src/mavros/mavros/src/plugins/speed_control.cpp:9[m[K:
[01m[K/home/szf/ROS/catkin_ws_3/src/mavros/mavros/include/mavros/mavros_plugin.h:87:14:[m[K [01;36m[Knote: [m[Kcandidate: ‚Äò[01m[Ktemplate<class _C> mavros::plugin::PluginBase::HandlerInfo mavros::plugin::PluginBase::make_handler(mavlink::msgid_t, void (_C::*)(const mavlink_message_t*, mavconn::Framing))[m[K‚Äô
   87 |  HandlerInfo [01;36m[Kmake_handler[m[K(const mavlink::msgid_t id, void (_C::*fn)(const mavlink::mavlink_message_t *msg, const mavconn::Framing framing)) {
      |              [01;36m[K^~~~~~~~~~~~[m[K
[01m[K/home/szf/ROS/catkin_ws_3/src/mavros/mavros/include/mavros/mavros_plugin.h:87:14:[m[K [01;36m[Knote: [m[K  template argument deduction/substitution failed:
[01m[K/home/szf/ROS/catkin_ws_3/src/mavros/mavros/src/plugins/speed_control.cpp:45:58:[m[K [01;36m[Knote: [m[K  candidate expects 2 arguments, 1 provided
   45 |    make_handler(&SpeedControlPlugin::handle_speed_control[01;36m[K)[m[K,
      |                                                          [01;36m[K^[m[K
In file included from [01m[K/home/szf/ROS/catkin_ws_3/src/mavros/mavros/src/plugins/speed_control.cpp:9[m[K:
[01m[K/home/szf/ROS/catkin_ws_3/src/mavros/mavros/include/mavros/mavros_plugin.h:100:14:[m[K [01;36m[Knote: [m[Kcandidate: ‚Äò[01m[Ktemplate<class _C, class _T> mavros::plugin::PluginBase::HandlerInfo mavros::plugin::PluginBase::make_handler(void (_C::*)(const mavlink_message_t*, _T&))[m[K‚Äô
  100 |  HandlerInfo [01;36m[Kmake_handler[m[K(void (_C::*fn)(const mavlink::mavlink_message_t*, _T &)) {
      |              [01;36m[K^~~~~~~~~~~~[m[K
[01m[K/home/szf/ROS/catkin_ws_3/src/mavros/mavros/include/mavros/mavros_plugin.h:100:14:[m[K [01;36m[Knote: [m[K  template argument deduction/substitution failed:
[01m[K/home/szf/ROS/catkin_ws_3/src/mavros/mavros/src/plugins/speed_control.cpp:45:58:[m[K [01;36m[Knote: [m[K  candidate expects 3 arguments, 4 provided
   45 |    make_handler(&SpeedControlPlugin::handle_speed_control[01;36m[K)[m[K,
      |                                                          [01;36m[K^[m[K
[01m[K/home/szf/ROS/catkin_ws_3/src/mavros/mavros/src/plugins/speed_control.cpp:46:3:[m[K [01;31m[Kerror: [m[Kcould not convert ‚Äò[01m[K{<expression error>}[m[K‚Äô from ‚Äò[01m[K<brace-enclosed initializer list>[m[K‚Äô to ‚Äò[01m[Kmavros::plugin::PluginBase::Subscriptions[m[K‚Äô {aka ‚Äò[01m[Kstd::vector<std::tuple<unsigned int, const char*, long unsigned int, std::function<void(const mavlink::__mavlink_message*, mavconn::Framing)> > >[m[K‚Äô}
   46 |   [01;31m[K}[m[K;
      |   [01;31m[K^[m[K
      |   [01;31m[K|[m[K
      |   [01;31m[K<brace-enclosed initializer list>[m[K
[01m[K/home/szf/ROS/catkin_ws_3/src/mavros/mavros/src/plugins/speed_control.cpp:[m[K In member function ‚Äò[01m[Kvoid mavros::std_plugins::SpeedControlPlugin::handle_speed_control(const mavlink_message_t*, mavlink::common::msg::SPEED_CONTROL_STATUS&, mavlink::common::msg::POSTURE&)[m[K‚Äô:
[01m[K/home/szf/ROS/catkin_ws_3/src/mavros/mavros/src/plugins/speed_control.cpp:78:8:[m[K [01;31m[Kerror: [m[Kconflicting declaration ‚Äò[01m[Kauto speed_control_msg[m[K‚Äô
   78 |   auto [01;31m[Kspeed_control_msg[m[K = boost::make_shared<mavros_msgs::Posture>();
      |        [01;31m[K^~~~~~~~~~~~~~~~~[m[K
[01m[K/home/szf/ROS/catkin_ws_3/src/mavros/mavros/src/plugins/speed_control.cpp:70:8:[m[K [01;36m[Knote: [m[Kprevious declaration as ‚Äò[01m[Kboost::shared_ptr<mavros_msgs::SpeedControlStatus_<std::allocator<void> > > speed_control_msg[m[K‚Äô
   70 |   auto [01;36m[Kspeed_control_msg[m[K = boost::make_shared<mavros_msgs::SpeedControlStatus>();
      |        [01;36m[K^~~~~~~~~~~~~~~~~[m[K
[01m[K/home/szf/ROS/catkin_ws_3/src/mavros/mavros/src/plugins/speed_control.cpp:78:60:[m[K [01;31m[Kerror: [m[K‚Äò[01m[KPosture[m[K‚Äô is not a member of ‚Äò[01m[Kmavros_msgs[m[K‚Äô
   78 |   auto speed_control_msg = boost::make_shared<mavros_msgs::[01;31m[KPosture[m[K>();
      |                                                            [01;31m[K^~~~~~~[m[K
[01m[K/home/szf/ROS/catkin_ws_3/src/mavros/mavros/src/plugins/speed_control.cpp:78:60:[m[K [01;31m[Kerror: [m[K‚Äò[01m[KPosture[m[K‚Äô is not a member of ‚Äò[01m[Kmavros_msgs[m[K‚Äô
[01m[K/home/szf/ROS/catkin_ws_3/src/mavros/mavros/src/plugins/speed_control.cpp:78:69:[m[K [01;31m[Kerror: [m[Kno matching function for call to ‚Äò[01m[Kmake_shared<<expression error> >()[m[K‚Äô
   78 |   auto speed_control_msg = boost::make_shared<mavros_msgs::Posture>([01;31m[K)[m[K;
      |                                                                     [01;31m[K^[m[K
In file included from [01m[K/usr/include/boost/smart_ptr/make_shared.hpp:14[m[K,
                 from [01m[K/usr/include/boost/make_shared.hpp:14[m[K,
                 from [01m[K/opt/ros/noetic/include/ros/forwards.h:38[m[K,
                 from [01m[K/opt/ros/noetic/include/ros/node_handle.h:31[m[K,
                 from [01m[K/opt/ros/noetic/include/diagnostic_updater/diagnostic_updater.h:42[m[K,
                 from [01m[K/home/szf/ROS/catkin_ws_3/src/mavros/mavros/include/mavros/mavros_plugin.h:23[m[K,
                 from [01m[K/home/szf/ROS/catkin_ws_3/src/mavros/mavros/src/plugins/speed_control.cpp:9[m[K:
[01m[K/usr/include/boost/smart_ptr/make_shared_object.hpp:248:87:[m[K [01;36m[Knote: [m[Kcandidate: ‚Äò[01m[Ktemplate<class T, class ... Args> typename boost::detail::sp_if_not_array<T>::type boost::make_shared(Args&& ...)[m[K‚Äô
  248 | template< class T, class... Args > typename boost::detail::sp_if_not_array< T >::type [01;36m[Kmake_shared[m[K( Args && ... args )
      |                                                                                       [01;36m[K^~~~~~~~~~~[m[K
[01m[K/usr/include/boost/smart_ptr/make_shared_object.hpp:248:87:[m[K [01;36m[Knote: [m[K  template argument deduction/substitution failed:
[01m[K/home/szf/ROS/catkin_ws_3/src/mavros/mavros/src/plugins/speed_control.cpp:78:69:[m[K [01;31m[Kerror: [m[Ktemplate argument 1 is invalid
   78 |   auto speed_control_msg = boost::make_shared<mavros_msgs::Posture>([01;31m[K)[m[K;
      |                                                                     [01;31m[K^[m[K
In file included from [01m[K/usr/include/boost/smart_ptr/make_shared.hpp:17[m[K,
                 from [01m[K/usr/include/boost/make_shared.hpp:14[m[K,
                 from [01m[K/opt/ros/noetic/include/ros/forwards.h:38[m[K,
                 from [01m[K/opt/ros/noetic/include/ros/node_handle.h:31[m[K,
                 from [01m[K/opt/ros/noetic/include/diagnostic_updater/diagnostic_updater.h:42[m[K,
                 from [01m[K/home/szf/ROS/catkin_ws_3/src/mavros/mavros/include/mavros/mavros_plugin.h:23[m[K,
                 from [01m[K/home/szf/ROS/catkin_ws_3/src/mavros/mavros/src/plugins/speed_control.cpp:9[m[K:
[01m[K/usr/include/boost/smart_ptr/make_shared_array.hpp:18:1:[m[K [01;36m[Knote: [m[Kcandidate: ‚Äò[01m[Ktemplate<class T> typename boost::enable_if_<boost::is_bounded_array<T>::value, boost::shared_ptr<X> >::type boost::make_shared()[m[K‚Äô
   18 | [01;36m[Kmake_shared[m[K()
      | [01;36m[K^~~~~~~~~~~[m[K
[01m[K/usr/include/boost/smart_ptr/make_shared_array.hpp:18:1:[m[K [01;36m[Knote: [m[K  template argument deduction/substitution failed:
[01m[K/home/szf/ROS/catkin_ws_3/src/mavros/mavros/src/plugins/speed_control.cpp:78:69:[m[K [01;31m[Kerror: [m[Ktemplate argument 1 is invalid
   78 |   auto speed_control_msg = boost::make_shared<mavros_msgs::Posture>([01;31m[K)[m[K;
      |                                                                     [01;31m[K^[m[K
In file included from [01m[K/usr/include/boost/smart_ptr/make_shared.hpp:17[m[K,
                 from [01m[K/usr/include/boost/make_shared.hpp:14[m[K,
                 from [01m[K/opt/ros/noetic/include/ros/forwards.h:38[m[K,
                 from [01m[K/opt/ros/noetic/include/ros/node_handle.h:31[m[K,
                 from [01m[K/opt/ros/noetic/include/diagnostic_updater/diagnostic_updater.h:42[m[K,
                 from [01m[K/home/szf/ROS/catkin_ws_3/src/mavros/mavros/include/mavros/mavros_plugin.h:23[m[K,
                 from [01m[K/home/szf/ROS/catkin_ws_3/src/mavros/mavros/src/plugins/speed_control.cpp:9[m[K:
[01m[K/usr/include/boost/smart_ptr/make_shared_array.hpp:26:1:[m[K [01;36m[Knote: [m[Kcandidate: ‚Äò[01m[Ktemplate<class T> typename boost::enable_if_<boost::is_bounded_array<T>::value, boost::shared_ptr<X> >::type boost::make_shared(const typename boost::remove_extent<T>::type&)[m[K‚Äô
   26 | [01;36m[Kmake_shared[m[K(const typename remove_extent<T>::type& value)
      | [01;36m[K^~~~~~~~~~~[m[K
[01m[K/usr/include/boost/smart_ptr/make_shared_array.hpp:26:1:[m[K [01;36m[Knote: [m[K  template argument deduction/substitution failed:
[01m[K/home/szf/ROS/catkin_ws_3/src/mavros/mavros/src/plugins/speed_control.cpp:78:69:[m[K [01;31m[Kerror: [m[Ktemplate argument 1 is invalid
   78 |   auto speed_control_msg = boost::make_shared<mavros_msgs::Posture>([01;31m[K)[m[K;
      |                                                                     [01;31m[K^[m[K
In file included from [01m[K/usr/include/boost/smart_ptr/make_shared.hpp:17[m[K,
                 from [01m[K/usr/include/boost/make_shared.hpp:14[m[K,
                 from [01m[K/opt/ros/noetic/include/ros/forwards.h:38[m[K,
                 from [01m[K/opt/ros/noetic/include/ros/node_handle.h:31[m[K,
                 from [01m[K/opt/ros/noetic/include/diagnostic_updater/diagnostic_updater.h:42[m[K,
                 from [01m[K/home/szf/ROS/catkin_ws_3/src/mavros/mavros/include/mavros/mavros_plugin.h:23[m[K,
                 from [01m[K/home/szf/ROS/catkin_ws_3/src/mavros/mavros/src/plugins/speed_control.cpp:9[m[K:
[01m[K/usr/include/boost/smart_ptr/make_shared_array.hpp:34:1:[m[K [01;36m[Knote: [m[Kcandidate: ‚Äò[01m[Ktemplate<class T> typename boost::enable_if_<boost::is_unbounded_array<T>::value, boost::shared_ptr<X> >::type boost::make_shared(std::size_t)[m[K‚Äô
   34 | [01;36m[Kmake_shared[m[K(std::size_t size)
      | [01;36m[K^~~~~~~~~~~[m[K
[01m[K/usr/include/boost/smart_ptr/make_shared_array.hpp:34:1:[m[K [01;36m[Knote: [m[K  template argument deduction/substitution failed:
[01m[K/home/szf/ROS/catkin_ws_3/src/mavros/mavros/src/plugins/speed_control.cpp:78:69:[m[K [01;31m[Kerror: [m[Ktemplate argument 1 is invalid
   78 |   auto speed_control_msg = boost::make_shared<mavros_msgs::Posture>([01;31m[K)[m[K;
      |                                                                     [01;31m[K^[m[K
In file included from [01m[K/usr/include/boost/smart_ptr/make_shared.hpp:17[m[K,
                 from [01m[K/usr/include/boost/make_shared.hpp:14[m[K,
                 from [01m[K/opt/ros/noetic/include/ros/forwards.h:38[m[K,
                 from [01m[K/opt/ros/noetic/include/ros/node_handle.h:31[m[K,
                 from [01m[K/opt/ros/noetic/include/diagnostic_updater/diagnostic_updater.h:42[m[K,
                 from [01m[K/home/szf/ROS/catkin_ws_3/src/mavros/mavros/include/mavros/mavros_plugin.h:23[m[K,
                 from [01m[K/home/szf/ROS/catkin_ws_3/src/mavros/mavros/src/plugins/speed_control.cpp:9[m[K:
[01m[K/usr/include/boost/smart_ptr/make_shared_array.hpp:42:1:[m[K [01;36m[Knote: [m[Kcandidate: ‚Äò[01m[Ktemplate<class T> typename boost::enable_if_<boost::is_unbounded_array<T>::value, boost::shared_ptr<X> >::type boost::make_shared(std::size_t, const typename boost::remove_extent<T>::type&)[m[K‚Äô
   42 | [01;36m[Kmake_shared[m[K(std::size_t size, const typename remove_extent<T>::type& value)
      | [01;36m[K^~~~~~~~~~~[m[K
[01m[K/usr/include/boost/smart_ptr/make_shared_array.hpp:42:1:[m[K [01;36m[Knote: [m[K  template argument deduction/substitution failed:
[01m[K/home/szf/ROS/catkin_ws_3/src/mavros/mavros/src/plugins/speed_control.cpp:78:69:[m[K [01;31m[Kerror: [m[Ktemplate argument 1 is invalid
   78 |   auto speed_control_msg = boost::make_shared<mavros_msgs::Posture>([01;31m[K)[m[K;
      |                                                                     [01;31m[K^[m[K
make[2]: *** [CMakeFiles/mavros_plugins.dir/build.make:453ÔºöCMakeFiles/mavros_plugins.dir/src/plugins/speed_control.cpp.o] ÈîôËØØ 1
make[2]: *** Ê≠£Âú®Á≠âÂæÖÊú™ÂÆåÊàêÁöÑ‰ªªÂä°....
make[1]: *** [CMakeFiles/Makefile2:562ÔºöCMakeFiles/mavros_plugins.dir/all] ÈîôËØØ 2
make: *** [Makefile:141Ôºöall] ÈîôËØØ 2
