CMake Warning (dev) at CMakeLists.txt:2 (project):
  Policy CMP0048 is not set: project() command manages VERSION variables.
  Run "cmake --help-policy CMP0048" for policy details.  Use the cmake_policy
  command to set the policy and suppress this warning.

  The following variable(s) would be set to empty:

    CMAKE_PROJECT_VERSION
    CMAKE_PROJECT_VERSION_MAJOR
    CMAKE_PROJECT_VERSION_MINOR
    CMAKE_PROJECT_VERSION_PATCH
This warning is for project developers.  Use -Wno-dev to suppress it.

/opt/ros/noetic/share/genmsg/cmake/pkg-genmsg.cmake.em:56: error: <class 'genmsg.base.InvalidMsgSpec'>: /home/szf/ROS/catkin_ws_3/src/mavros/mavros_msgs/msg/Posture.msg: pos_x; is not a legal message field name
Traceback (most recent call last):
  File "/usr/lib/python3/dist-packages/genmsg/msg_loader.py", line 287, in load_msg_from_file
    return load_msg_from_string(msg_context, text, full_name)
  File "/usr/lib/python3/dist-packages/genmsg/msg_loader.py", line 266, in load_msg_from_string
    field_type, name = _load_field_line(orig_line, package_name)
  File "/usr/lib/python3/dist-packages/genmsg/msg_loader.py", line 228, in _load_field_line
    raise InvalidMsgSpec("%s is not a legal message field name"%name)
genmsg.base.InvalidMsgSpec: pos_x; is not a legal message field name

During handling of the above exception, another exception occurred:

Traceback (most recent call last):
  File "/usr/lib/python3/dist-packages/em.py", line 3302, in <module>
    if __name__ == '__main__': main()
  File "/usr/lib/python3/dist-packages/em.py", line 3300, in main
    invoke(sys.argv[1:])
  File "/usr/lib/python3/dist-packages/em.py", line 3283, in invoke
    interpreter.wrap(interpreter.file, (file, name))
  File "/usr/lib/python3/dist-packages/em.py", line 2295, in wrap
    self.fail(e)
  File "/usr/lib/python3/dist-packages/em.py", line 2284, in wrap
    callable(*args)
  File "/usr/lib/python3/dist-packages/em.py", line 2359, in file
    self.safe(scanner, done, locals)
  File "/usr/lib/python3/dist-packages/em.py", line 2401, in safe
    self.parse(scanner, locals)
  File "/usr/lib/python3/dist-packages/em.py", line 2421, in parse
    token.run(self, locals)
  File "/usr/lib/python3/dist-packages/em.py", line 1425, in run
    interpreter.execute(self.code, locals)
  File "/usr/lib/python3/dist-packages/em.py", line 2595, in execute
    _exec(statements, self.globals, locals)
  File "<string>", line 38, in <module>
  File "/usr/lib/python3/dist-packages/genmsg/deps.py", line 45, in find_msg_dependencies_with_type
    spec = genmsg.msg_loader.load_msg_from_file(msg_context, msg_file, full_type_name)
  File "/usr/lib/python3/dist-packages/genmsg/msg_loader.py", line 289, in load_msg_from_file
    raise InvalidMsgSpec('%s: %s'%(file_path, e))
genmsg.base.InvalidMsgSpec: /home/szf/ROS/catkin_ws_3/src/mavros/mavros_msgs/msg/Posture.msg: pos_x; is not a legal message field name
[31m[1mCMake Error[0m at /opt/ros/noetic/share/catkin/cmake/safe_execute_process.cmake:11 (message):

  execute_process(/home/szf/ROS/catkin_ws_3/build/mavros_msgs/catkin_generated/env_cached.sh
  "/usr/bin/python3" "/usr/lib/python3/dist-packages/em.py" "--raw-errors"
  "-F"
  "/home/szf/ROS/catkin_ws_3/build/mavros_msgs/cmake/mavros_msgs-genmsg-context.py"
  "-o"
  "/home/szf/ROS/catkin_ws_3/build/mavros_msgs/cmake/mavros_msgs-genmsg.cmake"
  "/opt/ros/noetic/share/genmsg/cmake/pkg-genmsg.cmake.em") returned error
  code 1
[36mCall Stack (most recent call first):[0m
  /opt/ros/noetic/share/catkin/cmake/em_expand.cmake:25 (safe_execute_process)
  /opt/ros/noetic/share/genmsg/cmake/genmsg-extras.cmake:303 (em_expand)
  CMakeLists.txt:130 (generate_messages)


make: *** [Makefile:2280ï¼šcmake_check_build_system] é”™è¯¯ 1
