[01m[K/home/szf/ROS/catkin_ws_3/src/mavros/mavros_extras/src/visualization.cpp:16:10:[m[K [01;31m[Kfatal error: [m[Ktf/tf.h: 没有那个文件或目录
   16 | #include [01;31m[K<tf/tf.h>[m[K
      |          [01;31m[K^~~~~~~~~[m[K
compilation terminated.
make[2]: *** [CMakeFiles/visualization.dir/build.make:63：CMakeFiles/visualization.dir/src/visualization.cpp.o] 错误 1
make[1]: *** [CMakeFiles/Makefile2:941：CMakeFiles/visualization.dir/all] 错误 2
make[1]: *** 正在等待未完成的任务....
make: *** [Makefile:141：all] 错误 2
